{"/home/minh-ngu/Red/src/client/socket.js": {"path":"/home/minh-ngu/Red/src/client/socket.js","statementMap":{"0":{"start":{"line":6,"column":15},"end":{"line":6,"column":82}},"1":{"start":{"line":9,"column":26},"end":{"line":20,"column":1}},"2":{"start":{"line":10,"column":2},"end":{"line":13,"column":5}},"3":{"start":{"line":11,"column":4},"end":{"line":11,"column":57}},"4":{"start":{"line":12,"column":4},"end":{"line":12,"column":24}},"5":{"start":{"line":15,"column":2},"end":{"line":19,"column":5}},"6":{"start":{"line":16,"column":4},"end":{"line":18,"column":5}},"7":{"start":{"line":17,"column":6},"end":{"line":17,"column":32}}},"fnMap":{"0":{"name":"(anonymous_0)","decl":{"start":{"line":9,"column":26},"end":{"line":9,"column":27}},"loc":{"start":{"line":9,"column":40},"end":{"line":20,"column":1}},"line":9},"1":{"name":"(anonymous_1)","decl":{"start":{"line":10,"column":25},"end":{"line":10,"column":26}},"loc":{"start":{"line":10,"column":37},"end":{"line":13,"column":3}},"line":10},"2":{"name":"(anonymous_2)","decl":{"start":{"line":15,"column":28},"end":{"line":15,"column":29}},"loc":{"start":{"line":15,"column":47},"end":{"line":19,"column":3}},"line":15}},"branchMap":{"0":{"loc":{"start":{"line":16,"column":4},"end":{"line":18,"column":5}},"type":"if","locations":[{"start":{"line":16,"column":4},"end":{"line":18,"column":5}},{"start":{},"end":{}}],"line":16}},"s":{"0":2,"1":2,"2":0,"3":0,"4":0,"5":0,"6":0,"7":0},"f":{"0":0,"1":0,"2":0},"b":{"0":[0,0]},"_coverageSchema":"1a1c01bbd47fc00a2c39e90264f33305004495a9","hash":"5368d195d91942c59196c228f66ad19871be31d5"}
,"/home/minh-ngu/Red/src/client/store.js": {"path":"/home/minh-ngu/Red/src/client/store.js","statementMap":{"0":{"start":{"line":9,"column":21},"end":{"line":23,"column":1}},"1":{"start":{"line":25,"column":24},"end":{"line":54,"column":2}},"2":{"start":{"line":30,"column":6},"end":{"line":30,"column":36}},"3":{"start":{"line":33,"column":6},"end":{"line":33,"column":34}},"4":{"start":{"line":36,"column":6},"end":{"line":36,"column":38}},"5":{"start":{"line":39,"column":6},"end":{"line":39,"column":35}},"6":{"start":{"line":42,"column":6},"end":{"line":42,"column":35}},"7":{"start":{"line":45,"column":6},"end":{"line":45,"column":50}},"8":{"start":{"line":48,"column":6},"end":{"line":48,"column":35}},"9":{"start":{"line":51,"column":6},"end":{"line":51,"column":37}},"10":{"start":{"line":56,"column":20},"end":{"line":67,"column":2}},"11":{"start":{"line":61,"column":6},"end":{"line":61,"column":32}},"12":{"start":{"line":64,"column":6},"end":{"line":64,"column":34}},"13":{"start":{"line":69,"column":21},"end":{"line":76,"column":2}},"14":{"start":{"line":75,"column":4},"end":{"line":75,"column":71}},"15":{"start":{"line":88,"column":4},"end":{"line":88,"column":27}},"16":{"start":{"line":89,"column":34},"end":{"line":89,"column":53}}},"fnMap":{"0":{"name":"(anonymous_0)","decl":{"start":{"line":29,"column":15},"end":{"line":29,"column":16}},"loc":{"start":{"line":29,"column":34},"end":{"line":31,"column":5}},"line":29},"1":{"name":"(anonymous_1)","decl":{"start":{"line":32,"column":13},"end":{"line":32,"column":14}},"loc":{"start":{"line":32,"column":32},"end":{"line":34,"column":5}},"line":32},"2":{"name":"(anonymous_2)","decl":{"start":{"line":35,"column":17},"end":{"line":35,"column":18}},"loc":{"start":{"line":35,"column":36},"end":{"line":37,"column":5}},"line":35},"3":{"name":"(anonymous_3)","decl":{"start":{"line":38,"column":14},"end":{"line":38,"column":15}},"loc":{"start":{"line":38,"column":33},"end":{"line":40,"column":5}},"line":38},"4":{"name":"(anonymous_4)","decl":{"start":{"line":41,"column":14},"end":{"line":41,"column":15}},"loc":{"start":{"line":41,"column":33},"end":{"line":43,"column":5}},"line":41},"5":{"name":"(anonymous_5)","decl":{"start":{"line":44,"column":16},"end":{"line":44,"column":17}},"loc":{"start":{"line":44,"column":27},"end":{"line":46,"column":5}},"line":44},"6":{"name":"(anonymous_6)","decl":{"start":{"line":47,"column":14},"end":{"line":47,"column":15}},"loc":{"start":{"line":47,"column":33},"end":{"line":49,"column":5}},"line":47},"7":{"name":"(anonymous_7)","decl":{"start":{"line":50,"column":15},"end":{"line":50,"column":16}},"loc":{"start":{"line":50,"column":34},"end":{"line":52,"column":5}},"line":50},"8":{"name":"(anonymous_8)","decl":{"start":{"line":60,"column":11},"end":{"line":60,"column":12}},"loc":{"start":{"line":60,"column":30},"end":{"line":62,"column":5}},"line":60},"9":{"name":"(anonymous_9)","decl":{"start":{"line":63,"column":13},"end":{"line":63,"column":14}},"loc":{"start":{"line":63,"column":32},"end":{"line":65,"column":5}},"line":63},"10":{"name":"(anonymous_10)","decl":{"start":{"line":74,"column":14},"end":{"line":74,"column":15}},"loc":{"start":{"line":75,"column":4},"end":{"line":75,"column":71}},"line":75}},"branchMap":{},"s":{"0":4,"1":4,"2":0,"3":0,"4":0,"5":0,"6":0,"7":0,"8":0,"9":0,"10":4,"11":0,"12":0,"13":4,"14":4,"15":4,"16":4},"f":{"0":0,"1":0,"2":0,"3":0,"4":0,"5":0,"6":0,"7":0,"8":0,"9":0,"10":4},"b":{},"_coverageSchema":"1a1c01bbd47fc00a2c39e90264f33305004495a9","hash":"9164858840ca36943566c333eb2e121504f1b01e"}
,"/home/minh-ngu/Red/src/client/storeStateMiddleWare.js": {"path":"/home/minh-ngu/Red/src/client/storeStateMiddleWare.js","statementMap":{"0":{"start":{"line":1,"column":36},"end":{"line":7,"column":1}},"1":{"start":{"line":2,"column":2},"end":{"line":6,"column":4}},"2":{"start":{"line":2,"column":19},"end":{"line":6,"column":3}},"3":{"start":{"line":3,"column":24},"end":{"line":3,"column":36}},"4":{"start":{"line":4,"column":4},"end":{"line":4,"column":34}},"5":{"start":{"line":5,"column":4},"end":{"line":5,"column":23}}},"fnMap":{"0":{"name":"(anonymous_0)","decl":{"start":{"line":1,"column":36},"end":{"line":1,"column":37}},"loc":{"start":{"line":1,"column":54},"end":{"line":7,"column":1}},"line":1},"1":{"name":"(anonymous_1)","decl":{"start":{"line":2,"column":9},"end":{"line":2,"column":10}},"loc":{"start":{"line":2,"column":19},"end":{"line":6,"column":3}},"line":2},"2":{"name":"(anonymous_2)","decl":{"start":{"line":2,"column":19},"end":{"line":2,"column":20}},"loc":{"start":{"line":2,"column":31},"end":{"line":6,"column":3}},"line":2}},"branchMap":{},"s":{"0":4,"1":4,"2":4,"3":0,"4":0,"5":0},"f":{"0":4,"1":4,"2":0},"b":{},"_coverageSchema":"1a1c01bbd47fc00a2c39e90264f33305004495a9","hash":"d7e9b5d5f1ffc7df9a9435d29dda296dab5ddd4d"}
,"/home/minh-ngu/Red/src/client/streams.js": {"path":"/home/minh-ngu/Red/src/client/streams.js","statementMap":{"0":{"start":{"line":4,"column":20},"end":{"line":4,"column":34}},"1":{"start":{"line":5,"column":20},"end":{"line":5,"column":34}},"2":{"start":{"line":6,"column":27},"end":{"line":6,"column":41}},"3":{"start":{"line":7,"column":27},"end":{"line":7,"column":41}},"4":{"start":{"line":8,"column":22},"end":{"line":8,"column":53}},"5":{"start":{"line":9,"column":22},"end":{"line":9,"column":37}},"6":{"start":{"line":10,"column":28},"end":{"line":10,"column":43}},"7":{"start":{"line":11,"column":21},"end":{"line":11,"column":36}}},"fnMap":{},"branchMap":{},"s":{"0":1,"1":1,"2":1,"3":1,"4":1,"5":1,"6":1,"7":1},"f":{},"b":{},"_coverageSchema":"1a1c01bbd47fc00a2c39e90264f33305004495a9","hash":"8aca7ecc682951cc75f10cdcabe79c1131894ebc"}
,"/home/minh-ngu/Red/src/client/components/Board.jsx": {"path":"/home/minh-ngu/Red/src/client/components/Board.jsx","statementMap":{"0":{"start":{"line":9,"column":21},"end":{"line":40,"column":1}},"1":{"start":{"line":11,"column":16},"end":{"line":11,"column":62}},"2":{"start":{"line":11,"column":39},"end":{"line":11,"column":61}},"3":{"start":{"line":12,"column":19},"end":{"line":12,"column":68}},"4":{"start":{"line":12,"column":42},"end":{"line":12,"column":67}},"5":{"start":{"line":13,"column":36},"end":{"line":13,"column":47}},"6":{"start":{"line":15,"column":2},"end":{"line":22,"column":9}},"7":{"start":{"line":16,"column":25},"end":{"line":18,"column":28}},"8":{"start":{"line":17,"column":6},"end":{"line":17,"column":39}},"9":{"start":{"line":17,"column":29},"end":{"line":17,"column":37}},"10":{"start":{"line":19,"column":4},"end":{"line":21,"column":6}},"11":{"start":{"line":20,"column":6},"end":{"line":20,"column":29}},"12":{"start":{"line":24,"column":2},"end":{"line":26,"column":14}},"13":{"start":{"line":25,"column":4},"end":{"line":25,"column":53}},"14":{"start":{"line":28,"column":2},"end":{"line":39,"column":4}}},"fnMap":{"0":{"name":"(anonymous_0)","decl":{"start":{"line":9,"column":21},"end":{"line":9,"column":22}},"loc":{"start":{"line":9,"column":27},"end":{"line":40,"column":1}},"line":9},"1":{"name":"(anonymous_1)","decl":{"start":{"line":11,"column":28},"end":{"line":11,"column":29}},"loc":{"start":{"line":11,"column":39},"end":{"line":11,"column":61}},"line":11},"2":{"name":"(anonymous_2)","decl":{"start":{"line":12,"column":31},"end":{"line":12,"column":32}},"loc":{"start":{"line":12,"column":42},"end":{"line":12,"column":67}},"line":12},"3":{"name":"(anonymous_3)","decl":{"start":{"line":15,"column":12},"end":{"line":15,"column":13}},"loc":{"start":{"line":15,"column":18},"end":{"line":22,"column":3}},"line":15},"4":{"name":"(anonymous_4)","decl":{"start":{"line":16,"column":38},"end":{"line":16,"column":39}},"loc":{"start":{"line":16,"column":44},"end":{"line":18,"column":5}},"line":16},"5":{"name":"(anonymous_5)","decl":{"start":{"line":17,"column":19},"end":{"line":17,"column":20}},"loc":{"start":{"line":17,"column":29},"end":{"line":17,"column":37}},"line":17},"6":{"name":"(anonymous_6)","decl":{"start":{"line":19,"column":11},"end":{"line":19,"column":12}},"loc":{"start":{"line":19,"column":17},"end":{"line":21,"column":5}},"line":19},"7":{"name":"(anonymous_7)","decl":{"start":{"line":24,"column":12},"end":{"line":24,"column":13}},"loc":{"start":{"line":24,"column":18},"end":{"line":26,"column":3}},"line":24}},"branchMap":{},"s":{"0":1,"1":2,"2":2,"3":2,"4":2,"5":2,"6":2,"7":1,"8":1,"9":1,"10":1,"11":1,"12":2,"13":2,"14":2},"f":{"0":2,"1":2,"2":2,"3":1,"4":1,"5":1,"6":1,"7":2},"b":{},"_coverageSchema":"1a1c01bbd47fc00a2c39e90264f33305004495a9","hash":"3f11d63f0ffa57cea92d9c41ba158453e2b040d5"}
,"/home/minh-ngu/Red/src/client/components/Game.jsx": {"path":"/home/minh-ngu/Red/src/client/components/Game.jsx","statementMap":{"0":{"start":{"line":15,"column":20},"end":{"line":52,"column":1}},"1":{"start":{"line":17,"column":27},"end":{"line":17,"column":38}},"2":{"start":{"line":18,"column":28},"end":{"line":18,"column":43}},"3":{"start":{"line":19,"column":32},"end":{"line":19,"column":46}},"4":{"start":{"line":20,"column":2},"end":{"line":20,"column":19}},"5":{"start":{"line":21,"column":2},"end":{"line":21,"column":16}},"6":{"start":{"line":22,"column":2},"end":{"line":22,"column":16}},"7":{"start":{"line":24,"column":2},"end":{"line":44,"column":21}},"8":{"start":{"line":25,"column":4},"end":{"line":25,"column":46}},"9":{"start":{"line":26,"column":4},"end":{"line":39,"column":7}},"10":{"start":{"line":27,"column":6},"end":{"line":27,"column":58}},"11":{"start":{"line":28,"column":6},"end":{"line":37,"column":7}},"12":{"start":{"line":29,"column":8},"end":{"line":29,"column":23}},"13":{"start":{"line":30,"column":8},"end":{"line":30,"column":42}},"14":{"start":{"line":31,"column":8},"end":{"line":31,"column":56}},"15":{"start":{"line":32,"column":8},"end":{"line":32,"column":60}},"16":{"start":{"line":33,"column":8},"end":{"line":33,"column":52}},"17":{"start":{"line":34,"column":8},"end":{"line":34,"column":54}},"18":{"start":{"line":36,"column":8},"end":{"line":36,"column":24}},"19":{"start":{"line":38,"column":6},"end":{"line":38,"column":24}},"20":{"start":{"line":40,"column":4},"end":{"line":43,"column":6}},"21":{"start":{"line":41,"column":6},"end":{"line":41,"column":14}},"22":{"start":{"line":42,"column":6},"end":{"line":42,"column":40}},"23":{"start":{"line":46,"column":2},"end":{"line":51,"column":22}}},"fnMap":{"0":{"name":"(anonymous_0)","decl":{"start":{"line":15,"column":20},"end":{"line":15,"column":21}},"loc":{"start":{"line":15,"column":26},"end":{"line":52,"column":1}},"line":15},"1":{"name":"(anonymous_1)","decl":{"start":{"line":24,"column":12},"end":{"line":24,"column":13}},"loc":{"start":{"line":24,"column":18},"end":{"line":44,"column":3}},"line":24},"2":{"name":"(anonymous_2)","decl":{"start":{"line":26,"column":37},"end":{"line":26,"column":38}},"loc":{"start":{"line":26,"column":51},"end":{"line":39,"column":5}},"line":26},"3":{"name":"(anonymous_3)","decl":{"start":{"line":40,"column":11},"end":{"line":40,"column":12}},"loc":{"start":{"line":40,"column":17},"end":{"line":43,"column":5}},"line":40}},"branchMap":{"0":{"loc":{"start":{"line":28,"column":6},"end":{"line":37,"column":7}},"type":"if","locations":[{"start":{"line":28,"column":6},"end":{"line":37,"column":7}},{"start":{"line":35,"column":13},"end":{"line":37,"column":7}}],"line":28},"1":{"loc":{"start":{"line":46,"column":9},"end":{"line":51,"column":21}},"type":"cond-expr","locations":[{"start":{"line":46,"column":19},"end":{"line":46,"column":35}},{"start":{"line":46,"column":39},"end":{"line":51,"column":20}}],"line":46},"2":{"loc":{"start":{"line":46,"column":39},"end":{"line":51,"column":20}},"type":"cond-expr","locations":[{"start":{"line":47,"column":4},"end":{"line":50,"column":10}},{"start":{"line":51,"column":7},"end":{"line":51,"column":19}}],"line":46}},"s":{"0":1,"1":5,"2":5,"3":5,"4":5,"5":5,"6":5,"7":5,"8":3,"9":3,"10":2,"11":2,"12":1,"13":1,"14":1,"15":1,"16":1,"17":1,"18":1,"19":2,"20":3,"21":3,"22":3,"23":5},"f":{"0":5,"1":3,"2":2,"3":3},"b":{"0":[1,1],"1":[3,2],"2":[1,1]},"_coverageSchema":"1a1c01bbd47fc00a2c39e90264f33305004495a9","hash":"6533b552880480efb5b03ed35c522be365f3ff60"}
,"/home/minh-ngu/Red/src/client/components/GameConnect.jsx": {"path":"/home/minh-ngu/Red/src/client/components/GameConnect.jsx","statementMap":{"0":{"start":{"line":10,"column":30},"end":{"line":64,"column":1}},"1":{"start":{"line":12,"column":20},"end":{"line":15,"column":3}},"2":{"start":{"line":13,"column":4},"end":{"line":13,"column":12}},"3":{"start":{"line":14,"column":4},"end":{"line":14,"column":42}},"4":{"start":{"line":17,"column":21},"end":{"line":22,"column":3}},"5":{"start":{"line":18,"column":4},"end":{"line":18,"column":39}},"6":{"start":{"line":19,"column":4},"end":{"line":19,"column":47}},"7":{"start":{"line":20,"column":4},"end":{"line":20,"column":41}},"8":{"start":{"line":21,"column":4},"end":{"line":21,"column":41}},"9":{"start":{"line":24,"column":20},"end":{"line":24,"column":28}},"10":{"start":{"line":26,"column":19},"end":{"line":29,"column":3}},"11":{"start":{"line":27,"column":4},"end":{"line":27,"column":22}},"12":{"start":{"line":28,"column":4},"end":{"line":28,"column":42}},"13":{"start":{"line":31,"column":29},"end":{"line":33,"column":3}},"14":{"start":{"line":32,"column":4},"end":{"line":32,"column":51}},"15":{"start":{"line":35,"column":26},"end":{"line":37,"column":3}},"16":{"start":{"line":36,"column":4},"end":{"line":36,"column":42}},"17":{"start":{"line":39,"column":23},"end":{"line":41,"column":3}},"18":{"start":{"line":40,"column":4},"end":{"line":40,"column":36}},"19":{"start":{"line":43,"column":2},"end":{"line":62,"column":9}},"20":{"start":{"line":44,"column":4},"end":{"line":44,"column":38}},"21":{"start":{"line":45,"column":4},"end":{"line":45,"column":40}},"22":{"start":{"line":46,"column":4},"end":{"line":46,"column":38}},"23":{"start":{"line":47,"column":4},"end":{"line":47,"column":36}},"24":{"start":{"line":48,"column":4},"end":{"line":48,"column":48}},"25":{"start":{"line":49,"column":4},"end":{"line":49,"column":38}},"26":{"start":{"line":50,"column":4},"end":{"line":50,"column":37}},"27":{"start":{"line":51,"column":4},"end":{"line":51,"column":43}},"28":{"start":{"line":52,"column":4},"end":{"line":61,"column":6}},"29":{"start":{"line":53,"column":6},"end":{"line":53,"column":41}},"30":{"start":{"line":54,"column":6},"end":{"line":54,"column":43}},"31":{"start":{"line":55,"column":6},"end":{"line":55,"column":41}},"32":{"start":{"line":56,"column":6},"end":{"line":56,"column":39}},"33":{"start":{"line":57,"column":6},"end":{"line":57,"column":51}},"34":{"start":{"line":58,"column":6},"end":{"line":58,"column":41}},"35":{"start":{"line":59,"column":6},"end":{"line":59,"column":40}},"36":{"start":{"line":60,"column":6},"end":{"line":60,"column":46}}},"fnMap":{"0":{"name":"(anonymous_0)","decl":{"start":{"line":10,"column":30},"end":{"line":10,"column":31}},"loc":{"start":{"line":10,"column":36},"end":{"line":64,"column":1}},"line":10},"1":{"name":"(anonymous_1)","decl":{"start":{"line":12,"column":20},"end":{"line":12,"column":21}},"loc":{"start":{"line":12,"column":26},"end":{"line":15,"column":3}},"line":12},"2":{"name":"(anonymous_2)","decl":{"start":{"line":17,"column":21},"end":{"line":17,"column":22}},"loc":{"start":{"line":17,"column":31},"end":{"line":22,"column":3}},"line":17},"3":{"name":"(anonymous_3)","decl":{"start":{"line":24,"column":20},"end":{"line":24,"column":21}},"loc":{"start":{"line":24,"column":26},"end":{"line":24,"column":28}},"line":24},"4":{"name":"(anonymous_4)","decl":{"start":{"line":26,"column":19},"end":{"line":26,"column":20}},"loc":{"start":{"line":26,"column":25},"end":{"line":29,"column":3}},"line":26},"5":{"name":"(anonymous_5)","decl":{"start":{"line":31,"column":29},"end":{"line":31,"column":30}},"loc":{"start":{"line":31,"column":44},"end":{"line":33,"column":3}},"line":31},"6":{"name":"(anonymous_6)","decl":{"start":{"line":35,"column":26},"end":{"line":35,"column":27}},"loc":{"start":{"line":35,"column":40},"end":{"line":37,"column":3}},"line":35},"7":{"name":"(anonymous_7)","decl":{"start":{"line":39,"column":23},"end":{"line":39,"column":24}},"loc":{"start":{"line":39,"column":34},"end":{"line":41,"column":3}},"line":39},"8":{"name":"(anonymous_8)","decl":{"start":{"line":43,"column":12},"end":{"line":43,"column":13}},"loc":{"start":{"line":43,"column":18},"end":{"line":62,"column":3}},"line":43},"9":{"name":"(anonymous_9)","decl":{"start":{"line":52,"column":11},"end":{"line":52,"column":12}},"loc":{"start":{"line":52,"column":17},"end":{"line":61,"column":5}},"line":52}},"branchMap":{},"s":{"0":1,"1":4,"2":1,"3":1,"4":4,"5":1,"6":1,"7":1,"8":1,"9":4,"10":4,"11":1,"12":1,"13":4,"14":0,"15":4,"16":0,"17":4,"18":0,"19":4,"20":4,"21":4,"22":4,"23":4,"24":4,"25":4,"26":4,"27":4,"28":4,"29":4,"30":4,"31":4,"32":4,"33":4,"34":4,"35":4,"36":4},"f":{"0":4,"1":1,"2":1,"3":0,"4":1,"5":0,"6":0,"7":0,"8":4,"9":4},"b":{},"_coverageSchema":"1a1c01bbd47fc00a2c39e90264f33305004495a9","hash":"8e26394c0549a625bf2abab6729dd332b3887439"}
,"/home/minh-ngu/Red/src/client/components/GameLoop.jsx": {"path":"/home/minh-ngu/Red/src/client/components/GameLoop.jsx","statementMap":{"0":{"start":{"line":16,"column":25},"end":{"line":52,"column":1}},"1":{"start":{"line":17,"column":2},"end":{"line":51,"column":3}},"2":{"start":{"line":18,"column":16},"end":{"line":18,"column":26}},"3":{"start":{"line":19,"column":4},"end":{"line":19,"column":28}},"4":{"start":{"line":20,"column":4},"end":{"line":50,"column":5}},"5":{"start":{"line":22,"column":8},"end":{"line":23,"column":27}},"6":{"start":{"line":23,"column":10},"end":{"line":23,"column":27}},"7":{"start":{"line":24,"column":8},"end":{"line":24,"column":14}},"8":{"start":{"line":26,"column":8},"end":{"line":27,"column":27}},"9":{"start":{"line":27,"column":10},"end":{"line":27,"column":27}},"10":{"start":{"line":28,"column":8},"end":{"line":28,"column":14}},"11":{"start":{"line":30,"column":8},"end":{"line":36,"column":24}},"12":{"start":{"line":31,"column":10},"end":{"line":31,"column":37}},"13":{"start":{"line":32,"column":10},"end":{"line":32,"column":25}},"14":{"start":{"line":33,"column":10},"end":{"line":33,"column":25}},"15":{"start":{"line":34,"column":10},"end":{"line":34,"column":31}},"16":{"start":{"line":36,"column":10},"end":{"line":36,"column":24}},"17":{"start":{"line":37,"column":8},"end":{"line":37,"column":14}},"18":{"start":{"line":39,"column":8},"end":{"line":39,"column":23}},"19":{"start":{"line":40,"column":8},"end":{"line":40,"column":14}},"20":{"start":{"line":42,"column":19},"end":{"line":42,"column":20}},"21":{"start":{"line":43,"column":8},"end":{"line":44,"column":17}},"22":{"start":{"line":44,"column":10},"end":{"line":44,"column":17}},"23":{"start":{"line":45,"column":8},"end":{"line":45,"column":42}},"24":{"start":{"line":46,"column":8},"end":{"line":46,"column":22}},"25":{"start":{"line":47,"column":8},"end":{"line":47,"column":14}},"26":{"start":{"line":49,"column":8},"end":{"line":49,"column":14}},"27":{"start":{"line":54,"column":19},"end":{"line":64,"column":1}},"28":{"start":{"line":55,"column":2},"end":{"line":55,"column":33}},"29":{"start":{"line":56,"column":2},"end":{"line":63,"column":3}},"30":{"start":{"line":57,"column":4},"end":{"line":57,"column":19}},"31":{"start":{"line":58,"column":4},"end":{"line":62,"column":25}},"32":{"start":{"line":59,"column":6},"end":{"line":59,"column":21}},"33":{"start":{"line":60,"column":6},"end":{"line":60,"column":27}},"34":{"start":{"line":61,"column":6},"end":{"line":61,"column":33}},"35":{"start":{"line":62,"column":11},"end":{"line":62,"column":25}},"36":{"start":{"line":66,"column":22},"end":{"line":80,"column":1}},"37":{"start":{"line":67,"column":2},"end":{"line":67,"column":33}},"38":{"start":{"line":68,"column":17},"end":{"line":68,"column":71}},"39":{"start":{"line":69,"column":2},"end":{"line":79,"column":3}},"40":{"start":{"line":70,"column":4},"end":{"line":78,"column":20}},"41":{"start":{"line":71,"column":6},"end":{"line":71,"column":21}},"42":{"start":{"line":72,"column":6},"end":{"line":72,"column":27}},"43":{"start":{"line":73,"column":6},"end":{"line":76,"column":7}},"44":{"start":{"line":74,"column":8},"end":{"line":74,"column":34}},"45":{"start":{"line":75,"column":8},"end":{"line":75,"column":23}},"46":{"start":{"line":78,"column":6},"end":{"line":78,"column":20}},"47":{"start":{"line":82,"column":27},"end":{"line":130,"column":1}},"48":{"start":{"line":83,"column":19},"end":{"line":83,"column":32}},"49":{"start":{"line":84,"column":17},"end":{"line":84,"column":64}},"50":{"start":{"line":84,"column":40},"end":{"line":84,"column":63}},"51":{"start":{"line":85,"column":18},"end":{"line":85,"column":66}},"52":{"start":{"line":85,"column":41},"end":{"line":85,"column":65}},"53":{"start":{"line":87,"column":19},"end":{"line":87,"column":27}},"54":{"start":{"line":88,"column":21},"end":{"line":88,"column":31}},"55":{"start":{"line":89,"column":34},"end":{"line":89,"column":59}},"56":{"start":{"line":91,"column":22},"end":{"line":91,"column":39}},"57":{"start":{"line":93,"column":20},"end":{"line":108,"column":3}},"58":{"start":{"line":94,"column":4},"end":{"line":98,"column":5}},"59":{"start":{"line":95,"column":6},"end":{"line":95,"column":45}},"60":{"start":{"line":96,"column":6},"end":{"line":96,"column":16}},"61":{"start":{"line":97,"column":6},"end":{"line":97,"column":13}},"62":{"start":{"line":99,"column":4},"end":{"line":99,"column":78}},"63":{"start":{"line":100,"column":4},"end":{"line":100,"column":16}},"64":{"start":{"line":102,"column":4},"end":{"line":106,"column":5}},"65":{"start":{"line":103,"column":6},"end":{"line":103,"column":26}},"66":{"start":{"line":104,"column":6},"end":{"line":104,"column":55}},"67":{"start":{"line":104,"column":42},"end":{"line":104,"column":55}},"68":{"start":{"line":105,"column":6},"end":{"line":105,"column":59}},"69":{"start":{"line":105,"column":43},"end":{"line":105,"column":59}},"70":{"start":{"line":107,"column":4},"end":{"line":107,"column":56}},"71":{"start":{"line":110,"column":2},"end":{"line":117,"column":9}},"72":{"start":{"line":111,"column":4},"end":{"line":116,"column":6}},"73":{"start":{"line":112,"column":6},"end":{"line":115,"column":7}},"74":{"start":{"line":113,"column":8},"end":{"line":113,"column":47}},"75":{"start":{"line":114,"column":8},"end":{"line":114,"column":18}},"76":{"start":{"line":119,"column":2},"end":{"line":129,"column":15}},"77":{"start":{"line":120,"column":4},"end":{"line":121,"column":68}},"78":{"start":{"line":121,"column":6},"end":{"line":121,"column":68}},"79":{"start":{"line":122,"column":4},"end":{"line":128,"column":5}},"80":{"start":{"line":123,"column":6},"end":{"line":123,"column":23}},"81":{"start":{"line":124,"column":6},"end":{"line":124,"column":58}},"82":{"start":{"line":125,"column":11},"end":{"line":128,"column":5}},"83":{"start":{"line":126,"column":6},"end":{"line":126,"column":45}},"84":{"start":{"line":127,"column":6},"end":{"line":127,"column":16}}},"fnMap":{"0":{"name":"(anonymous_0)","decl":{"start":{"line":16,"column":25},"end":{"line":16,"column":26}},"loc":{"start":{"line":16,"column":31},"end":{"line":52,"column":1}},"line":16},"1":{"name":"(anonymous_1)","decl":{"start":{"line":54,"column":19},"end":{"line":54,"column":20}},"loc":{"start":{"line":54,"column":25},"end":{"line":64,"column":1}},"line":54},"2":{"name":"(anonymous_2)","decl":{"start":{"line":66,"column":22},"end":{"line":66,"column":23}},"loc":{"start":{"line":66,"column":28},"end":{"line":80,"column":1}},"line":66},"3":{"name":"(anonymous_3)","decl":{"start":{"line":82,"column":27},"end":{"line":82,"column":28}},"loc":{"start":{"line":82,"column":33},"end":{"line":130,"column":1}},"line":82},"4":{"name":"(anonymous_4)","decl":{"start":{"line":84,"column":29},"end":{"line":84,"column":30}},"loc":{"start":{"line":84,"column":40},"end":{"line":84,"column":63}},"line":84},"5":{"name":"(anonymous_5)","decl":{"start":{"line":85,"column":30},"end":{"line":85,"column":31}},"loc":{"start":{"line":85,"column":41},"end":{"line":85,"column":65}},"line":85},"6":{"name":"(anonymous_6)","decl":{"start":{"line":93,"column":20},"end":{"line":93,"column":21}},"loc":{"start":{"line":93,"column":29},"end":{"line":108,"column":3}},"line":93},"7":{"name":"(anonymous_7)","decl":{"start":{"line":110,"column":12},"end":{"line":110,"column":13}},"loc":{"start":{"line":110,"column":18},"end":{"line":117,"column":3}},"line":110},"8":{"name":"(anonymous_8)","decl":{"start":{"line":111,"column":11},"end":{"line":111,"column":12}},"loc":{"start":{"line":111,"column":17},"end":{"line":116,"column":5}},"line":111},"9":{"name":"(anonymous_9)","decl":{"start":{"line":119,"column":12},"end":{"line":119,"column":13}},"loc":{"start":{"line":119,"column":18},"end":{"line":129,"column":3}},"line":119}},"branchMap":{"0":{"loc":{"start":{"line":17,"column":2},"end":{"line":51,"column":3}},"type":"if","locations":[{"start":{"line":17,"column":2},"end":{"line":51,"column":3}},{"start":{},"end":{}}],"line":17},"1":{"loc":{"start":{"line":20,"column":4},"end":{"line":50,"column":5}},"type":"switch","locations":[{"start":{"line":21,"column":6},"end":{"line":24,"column":14}},{"start":{"line":25,"column":6},"end":{"line":28,"column":14}},{"start":{"line":29,"column":6},"end":{"line":37,"column":14}},{"start":{"line":38,"column":6},"end":{"line":40,"column":14}},{"start":{"line":41,"column":6},"end":{"line":47,"column":14}},{"start":{"line":48,"column":6},"end":{"line":49,"column":14}}],"line":20},"2":{"loc":{"start":{"line":22,"column":8},"end":{"line":23,"column":27}},"type":"if","locations":[{"start":{"line":22,"column":8},"end":{"line":23,"column":27}},{"start":{},"end":{}}],"line":22},"3":{"loc":{"start":{"line":26,"column":8},"end":{"line":27,"column":27}},"type":"if","locations":[{"start":{"line":26,"column":8},"end":{"line":27,"column":27}},{"start":{},"end":{}}],"line":26},"4":{"loc":{"start":{"line":30,"column":8},"end":{"line":36,"column":24}},"type":"if","locations":[{"start":{"line":30,"column":8},"end":{"line":36,"column":24}},{"start":{"line":36,"column":10},"end":{"line":36,"column":24}}],"line":30},"5":{"loc":{"start":{"line":56,"column":2},"end":{"line":63,"column":3}},"type":"if","locations":[{"start":{"line":56,"column":2},"end":{"line":63,"column":3}},{"start":{},"end":{}}],"line":56},"6":{"loc":{"start":{"line":58,"column":4},"end":{"line":62,"column":25}},"type":"if","locations":[{"start":{"line":58,"column":4},"end":{"line":62,"column":25}},{"start":{"line":62,"column":11},"end":{"line":62,"column":25}}],"line":58},"7":{"loc":{"start":{"line":69,"column":2},"end":{"line":79,"column":3}},"type":"if","locations":[{"start":{"line":69,"column":2},"end":{"line":79,"column":3}},{"start":{},"end":{}}],"line":69},"8":{"loc":{"start":{"line":70,"column":4},"end":{"line":78,"column":20}},"type":"if","locations":[{"start":{"line":70,"column":4},"end":{"line":78,"column":20}},{"start":{"line":78,"column":6},"end":{"line":78,"column":20}}],"line":70},"9":{"loc":{"start":{"line":73,"column":6},"end":{"line":76,"column":7}},"type":"if","locations":[{"start":{"line":73,"column":6},"end":{"line":76,"column":7}},{"start":{},"end":{}}],"line":73},"10":{"loc":{"start":{"line":94,"column":4},"end":{"line":98,"column":5}},"type":"if","locations":[{"start":{"line":94,"column":4},"end":{"line":98,"column":5}},{"start":{},"end":{}}],"line":94},"11":{"loc":{"start":{"line":102,"column":4},"end":{"line":106,"column":5}},"type":"if","locations":[{"start":{"line":102,"column":4},"end":{"line":106,"column":5}},{"start":{},"end":{}}],"line":102},"12":{"loc":{"start":{"line":104,"column":6},"end":{"line":104,"column":55}},"type":"if","locations":[{"start":{"line":104,"column":6},"end":{"line":104,"column":55}},{"start":{},"end":{}}],"line":104},"13":{"loc":{"start":{"line":105,"column":6},"end":{"line":105,"column":59}},"type":"if","locations":[{"start":{"line":105,"column":6},"end":{"line":105,"column":59}},{"start":{},"end":{}}],"line":105},"14":{"loc":{"start":{"line":112,"column":6},"end":{"line":115,"column":7}},"type":"if","locations":[{"start":{"line":112,"column":6},"end":{"line":115,"column":7}},{"start":{},"end":{}}],"line":112},"15":{"loc":{"start":{"line":120,"column":4},"end":{"line":121,"column":68}},"type":"if","locations":[{"start":{"line":120,"column":4},"end":{"line":121,"column":68}},{"start":{},"end":{}}],"line":120},"16":{"loc":{"start":{"line":122,"column":4},"end":{"line":128,"column":5}},"type":"if","locations":[{"start":{"line":122,"column":4},"end":{"line":128,"column":5}},{"start":{"line":125,"column":11},"end":{"line":128,"column":5}}],"line":122},"17":{"loc":{"start":{"line":125,"column":11},"end":{"line":128,"column":5}},"type":"if","locations":[{"start":{"line":125,"column":11},"end":{"line":128,"column":5}},{"start":{},"end":{}}],"line":125}},"s":{"0":1,"1":0,"2":0,"3":0,"4":0,"5":0,"6":0,"7":0,"8":0,"9":0,"10":0,"11":0,"12":0,"13":0,"14":0,"15":0,"16":0,"17":0,"18":0,"19":0,"20":0,"21":0,"22":0,"23":0,"24":0,"25":0,"26":0,"27":1,"28":0,"29":0,"30":0,"31":0,"32":0,"33":0,"34":0,"35":0,"36":1,"37":0,"38":0,"39":0,"40":0,"41":0,"42":0,"43":0,"44":0,"45":0,"46":0,"47":1,"48":3,"49":3,"50":3,"51":3,"52":3,"53":3,"54":3,"55":3,"56":3,"57":3,"58":0,"59":0,"60":0,"61":0,"62":0,"63":0,"64":0,"65":0,"66":0,"67":0,"68":0,"69":0,"70":0,"71":3,"72":3,"73":3,"74":2,"75":2,"76":3,"77":3,"78":1,"79":3,"80":2,"81":2,"82":1,"83":0,"84":0},"f":{"0":0,"1":0,"2":0,"3":3,"4":3,"5":3,"6":0,"7":3,"8":3,"9":3},"b":{"0":[0,0],"1":[0,0,0,0,0,0],"2":[0,0],"3":[0,0],"4":[0,0],"5":[0,0],"6":[0,0],"7":[0,0],"8":[0,0],"9":[0,0],"10":[0,0],"11":[0,0],"12":[0,0],"13":[0,0],"14":[2,1],"15":[1,2],"16":[2,1],"17":[0,1]},"_coverageSchema":"1a1c01bbd47fc00a2c39e90264f33305004495a9","hash":"3bbaabdca20d37bc9946ea61eb5012652d7eb4a6"}
,"/home/minh-ngu/Red/src/client/components/Grid.jsx": {"path":"/home/minh-ngu/Red/src/client/components/Grid.jsx","statementMap":{"0":{"start":{"line":9,"column":20},"end":{"line":36,"column":1}},"1":{"start":{"line":10,"column":22},"end":{"line":33,"column":4}},"2":{"start":{"line":11,"column":16},"end":{"line":11,"column":37}},"3":{"start":{"line":12,"column":16},"end":{"line":12,"column":35}},"4":{"start":{"line":13,"column":35},"end":{"line":13,"column":64}},"5":{"start":{"line":16,"column":6},"end":{"line":21,"column":75}},"6":{"start":{"line":23,"column":4},"end":{"line":32,"column":6}},"7":{"start":{"line":35,"column":2},"end":{"line":35,"column":50}}},"fnMap":{"0":{"name":"(anonymous_0)","decl":{"start":{"line":9,"column":20},"end":{"line":9,"column":21}},"loc":{"start":{"line":9,"column":62},"end":{"line":36,"column":1}},"line":9},"1":{"name":"(anonymous_1)","decl":{"start":{"line":10,"column":76},"end":{"line":10,"column":77}},"loc":{"start":{"line":10,"column":86},"end":{"line":33,"column":3}},"line":10}},"branchMap":{"0":{"loc":{"start":{"line":16,"column":6},"end":{"line":21,"column":75}},"type":"binary-expr","locations":[{"start":{"line":16,"column":6},"end":{"line":16,"column":11}},{"start":{"line":17,"column":6},"end":{"line":17,"column":20}},{"start":{"line":18,"column":6},"end":{"line":18,"column":53}},{"start":{"line":19,"column":6},"end":{"line":19,"column":20}},{"start":{"line":20,"column":6},"end":{"line":20,"column":56}},{"start":{"line":21,"column":6},"end":{"line":21,"column":75}}],"line":16},"1":{"loc":{"start":{"line":23,"column":11},"end":{"line":32,"column":5}},"type":"cond-expr","locations":[{"start":{"line":24,"column":6},"end":{"line":24,"column":68}},{"start":{"line":26,"column":6},"end":{"line":31,"column":8}}],"line":23},"2":{"loc":{"start":{"line":29,"column":16},"end":{"line":29,"column":62}},"type":"binary-expr","locations":[{"start":{"line":29,"column":16},"end":{"line":29,"column":31}},{"start":{"line":29,"column":35},"end":{"line":29,"column":62}}],"line":29}},"s":{"0":1,"1":4,"2":880,"3":880,"4":880,"5":880,"6":880,"7":4},"f":{"0":4,"1":880},"b":{"0":[880,440,390,80,80,32],"1":[8,872],"2":[872,2]},"_coverageSchema":"1a1c01bbd47fc00a2c39e90264f33305004495a9","hash":"a172380576d7120b199eafddcaea518433fa82ec"}
,"/home/minh-ngu/Red/src/client/components/History.jsx": {"path":"/home/minh-ngu/Red/src/client/components/History.jsx","statementMap":{"0":{"start":{"line":3,"column":23},"end":{"line":65,"column":1}},"1":{"start":{"line":4,"column":32},"end":{"line":4,"column":44}},"2":{"start":{"line":5,"column":32},"end":{"line":5,"column":46}},"3":{"start":{"line":7,"column":2},"end":{"line":19,"column":8}},"4":{"start":{"line":8,"column":4},"end":{"line":17,"column":9}},"5":{"start":{"line":9,"column":26},"end":{"line":9,"column":41}},"6":{"start":{"line":11,"column":8},"end":{"line":11,"column":25}},"7":{"start":{"line":12,"column":8},"end":{"line":12,"column":26}},"8":{"start":{"line":15,"column":8},"end":{"line":15,"column":61}},"9":{"start":{"line":16,"column":8},"end":{"line":16,"column":26}},"10":{"start":{"line":21,"column":2},"end":{"line":64,"column":4}},"11":{"start":{"line":48,"column":16},"end":{"line":55,"column":21}},"12":{"start":{"line":67,"column":16},"end":{"line":71,"column":1}},"13":{"start":{"line":73,"column":16},"end":{"line":76,"column":1}}},"fnMap":{"0":{"name":"(anonymous_0)","decl":{"start":{"line":3,"column":23},"end":{"line":3,"column":24}},"loc":{"start":{"line":3,"column":29},"end":{"line":65,"column":1}},"line":3},"1":{"name":"(anonymous_1)","decl":{"start":{"line":7,"column":12},"end":{"line":7,"column":13}},"loc":{"start":{"line":7,"column":18},"end":{"line":18,"column":3}},"line":7},"2":{"name":"(anonymous_2)","decl":{"start":{"line":9,"column":12},"end":{"line":9,"column":13}},"loc":{"start":{"line":9,"column":26},"end":{"line":9,"column":41}},"line":9},"3":{"name":"(anonymous_3)","decl":{"start":{"line":10,"column":12},"end":{"line":10,"column":13}},"loc":{"start":{"line":10,"column":22},"end":{"line":13,"column":7}},"line":10},"4":{"name":"(anonymous_4)","decl":{"start":{"line":14,"column":13},"end":{"line":14,"column":14}},"loc":{"start":{"line":14,"column":24},"end":{"line":17,"column":7}},"line":14},"5":{"name":"(anonymous_5)","decl":{"start":{"line":47,"column":27},"end":{"line":47,"column":28}},"loc":{"start":{"line":48,"column":16},"end":{"line":55,"column":21}},"line":48}},"branchMap":{"0":{"loc":{"start":{"line":24,"column":7},"end":{"line":62,"column":7}},"type":"cond-expr","locations":[{"start":{"line":25,"column":8},"end":{"line":25,"column":25}},{"start":{"line":26,"column":10},"end":{"line":62,"column":7}}],"line":24},"1":{"loc":{"start":{"line":26,"column":10},"end":{"line":62,"column":7}},"type":"cond-expr","locations":[{"start":{"line":27,"column":8},"end":{"line":59,"column":14}},{"start":{"line":61,"column":8},"end":{"line":61,"column":36}}],"line":26}},"s":{"0":1,"1":7,"2":7,"3":7,"4":4,"5":2,"6":2,"7":2,"8":1,"9":1,"10":7,"11":2,"12":1,"13":1},"f":{"0":7,"1":4,"2":2,"3":2,"4":1,"5":2},"b":{"0":[4,3],"1":[1,2]},"_coverageSchema":"1a1c01bbd47fc00a2c39e90264f33305004495a9","hash":"971605c4e2bc2351bee17549614990591008ca7e"}
,"/home/minh-ngu/Red/src/client/components/Info.jsx": {"path":"/home/minh-ngu/Red/src/client/components/Info.jsx","statementMap":{"0":{"start":{"line":12,"column":26},"end":{"line":27,"column":1}},"1":{"start":{"line":13,"column":2},"end":{"line":26,"column":4}},"2":{"start":{"line":16,"column":8},"end":{"line":18,"column":9}},"3":{"start":{"line":17,"column":10},"end":{"line":17,"column":60}},"4":{"start":{"line":19,"column":20},"end":{"line":19,"column":37}},"5":{"start":{"line":20,"column":20},"end":{"line":20,"column":25}},"6":{"start":{"line":21,"column":8},"end":{"line":23,"column":63}},"7":{"start":{"line":22,"column":10},"end":{"line":22,"column":72}},"8":{"start":{"line":23,"column":13},"end":{"line":23,"column":63}},"9":{"start":{"line":29,"column":22},"end":{"line":54,"column":1}},"10":{"start":{"line":30,"column":28},"end":{"line":30,"column":40}},"11":{"start":{"line":33,"column":2},"end":{"line":41,"column":9}},"12":{"start":{"line":34,"column":25},"end":{"line":36,"column":20}},"13":{"start":{"line":35,"column":6},"end":{"line":35,"column":29}},"14":{"start":{"line":38,"column":4},"end":{"line":40,"column":6}},"15":{"start":{"line":39,"column":6},"end":{"line":39,"column":29}},"16":{"start":{"line":43,"column":2},"end":{"line":53,"column":4}},"17":{"start":{"line":46,"column":8},"end":{"line":50,"column":9}},"18":{"start":{"line":47,"column":10},"end":{"line":47,"column":66}},"19":{"start":{"line":49,"column":10},"end":{"line":49,"column":53}},"20":{"start":{"line":56,"column":20},"end":{"line":114,"column":1}},"21":{"start":{"line":59,"column":19},"end":{"line":59,"column":32}},"22":{"start":{"line":60,"column":17},"end":{"line":60,"column":64}},"23":{"start":{"line":60,"column":40},"end":{"line":60,"column":63}},"24":{"start":{"line":61,"column":16},"end":{"line":61,"column":62}},"25":{"start":{"line":61,"column":39},"end":{"line":61,"column":61}},"26":{"start":{"line":62,"column":18},"end":{"line":62,"column":66}},"27":{"start":{"line":62,"column":41},"end":{"line":62,"column":65}},"28":{"start":{"line":63,"column":19},"end":{"line":63,"column":68}},"29":{"start":{"line":63,"column":42},"end":{"line":63,"column":67}},"30":{"start":{"line":64,"column":16},"end":{"line":64,"column":62}},"31":{"start":{"line":64,"column":39},"end":{"line":64,"column":61}},"32":{"start":{"line":66,"column":21},"end":{"line":75,"column":3}},"33":{"start":{"line":67,"column":4},"end":{"line":74,"column":7}},"34":{"start":{"line":68,"column":6},"end":{"line":73,"column":7}},"35":{"start":{"line":69,"column":8},"end":{"line":69,"column":37}},"36":{"start":{"line":70,"column":8},"end":{"line":70,"column":44}},"37":{"start":{"line":72,"column":8},"end":{"line":72,"column":44}},"38":{"start":{"line":77,"column":26},"end":{"line":80,"column":3}},"39":{"start":{"line":78,"column":4},"end":{"line":78,"column":66}},"40":{"start":{"line":78,"column":59},"end":{"line":78,"column":66}},"41":{"start":{"line":79,"column":4},"end":{"line":79,"column":53}},"42":{"start":{"line":82,"column":2},"end":{"line":113,"column":4}},"43":{"start":{"line":105,"column":10},"end":{"line":107,"column":19}}},"fnMap":{"0":{"name":"(anonymous_0)","decl":{"start":{"line":12,"column":26},"end":{"line":12,"column":27}},"loc":{"start":{"line":12,"column":41},"end":{"line":27,"column":1}},"line":12},"1":{"name":"(anonymous_1)","decl":{"start":{"line":15,"column":41},"end":{"line":15,"column":42}},"loc":{"start":{"line":15,"column":51},"end":{"line":24,"column":7}},"line":15},"2":{"name":"(anonymous_2)","decl":{"start":{"line":29,"column":22},"end":{"line":29,"column":23}},"loc":{"start":{"line":29,"column":28},"end":{"line":54,"column":1}},"line":29},"3":{"name":"(anonymous_3)","decl":{"start":{"line":33,"column":12},"end":{"line":33,"column":13}},"loc":{"start":{"line":33,"column":18},"end":{"line":41,"column":3}},"line":33},"4":{"name":"(anonymous_4)","decl":{"start":{"line":34,"column":34},"end":{"line":34,"column":35}},"loc":{"start":{"line":34,"column":51},"end":{"line":36,"column":5}},"line":34},"5":{"name":"(anonymous_5)","decl":{"start":{"line":38,"column":11},"end":{"line":38,"column":12}},"loc":{"start":{"line":38,"column":17},"end":{"line":40,"column":5}},"line":38},"6":{"name":"(anonymous_6)","decl":{"start":{"line":45,"column":37},"end":{"line":45,"column":38}},"loc":{"start":{"line":45,"column":51},"end":{"line":51,"column":7}},"line":45},"7":{"name":"(anonymous_7)","decl":{"start":{"line":56,"column":20},"end":{"line":56,"column":21}},"loc":{"start":{"line":56,"column":26},"end":{"line":114,"column":1}},"line":56},"8":{"name":"(anonymous_8)","decl":{"start":{"line":60,"column":29},"end":{"line":60,"column":30}},"loc":{"start":{"line":60,"column":40},"end":{"line":60,"column":63}},"line":60},"9":{"name":"(anonymous_9)","decl":{"start":{"line":61,"column":28},"end":{"line":61,"column":29}},"loc":{"start":{"line":61,"column":39},"end":{"line":61,"column":61}},"line":61},"10":{"name":"(anonymous_10)","decl":{"start":{"line":62,"column":30},"end":{"line":62,"column":31}},"loc":{"start":{"line":62,"column":41},"end":{"line":62,"column":65}},"line":62},"11":{"name":"(anonymous_11)","decl":{"start":{"line":63,"column":31},"end":{"line":63,"column":32}},"loc":{"start":{"line":63,"column":42},"end":{"line":63,"column":67}},"line":63},"12":{"name":"(anonymous_12)","decl":{"start":{"line":64,"column":28},"end":{"line":64,"column":29}},"loc":{"start":{"line":64,"column":39},"end":{"line":64,"column":61}},"line":64},"13":{"name":"(anonymous_13)","decl":{"start":{"line":66,"column":21},"end":{"line":66,"column":22}},"loc":{"start":{"line":66,"column":27},"end":{"line":75,"column":3}},"line":66},"14":{"name":"(anonymous_14)","decl":{"start":{"line":67,"column":39},"end":{"line":67,"column":40}},"loc":{"start":{"line":67,"column":53},"end":{"line":74,"column":5}},"line":67},"15":{"name":"(anonymous_15)","decl":{"start":{"line":77,"column":26},"end":{"line":77,"column":27}},"loc":{"start":{"line":77,"column":33},"end":{"line":80,"column":3}},"line":77},"16":{"name":"(anonymous_16)","decl":{"start":{"line":104,"column":40},"end":{"line":104,"column":41}},"loc":{"start":{"line":105,"column":10},"end":{"line":107,"column":19}},"line":105}},"branchMap":{"0":{"loc":{"start":{"line":16,"column":8},"end":{"line":18,"column":9}},"type":"if","locations":[{"start":{"line":16,"column":8},"end":{"line":18,"column":9}},{"start":{},"end":{}}],"line":16},"1":{"loc":{"start":{"line":21,"column":8},"end":{"line":23,"column":63}},"type":"if","locations":[{"start":{"line":21,"column":8},"end":{"line":23,"column":63}},{"start":{"line":23,"column":13},"end":{"line":23,"column":63}}],"line":21},"2":{"loc":{"start":{"line":46,"column":8},"end":{"line":50,"column":9}},"type":"if","locations":[{"start":{"line":46,"column":8},"end":{"line":50,"column":9}},{"start":{"line":48,"column":15},"end":{"line":50,"column":9}}],"line":46},"3":{"loc":{"start":{"line":68,"column":6},"end":{"line":73,"column":7}},"type":"if","locations":[{"start":{"line":68,"column":6},"end":{"line":73,"column":7}},{"start":{"line":71,"column":13},"end":{"line":73,"column":7}}],"line":68},"4":{"loc":{"start":{"line":78,"column":4},"end":{"line":78,"column":66}},"type":"if","locations":[{"start":{"line":78,"column":4},"end":{"line":78,"column":66}},{"start":{},"end":{}}],"line":78}},"s":{"0":1,"1":26,"2":208,"3":104,"4":104,"5":104,"6":104,"7":52,"8":52,"9":1,"10":8,"11":8,"12":4,"13":4,"14":4,"15":4,"16":8,"17":24,"18":12,"19":12,"20":1,"21":4,"22":4,"23":4,"24":4,"25":4,"26":4,"27":4,"28":4,"29":4,"30":4,"31":4,"32":4,"33":1,"34":0,"35":0,"36":0,"37":0,"38":4,"39":1,"40":0,"41":1,"42":4,"43":12},"f":{"0":26,"1":208,"2":8,"3":4,"4":4,"5":4,"6":24,"7":4,"8":4,"9":4,"10":4,"11":4,"12":4,"13":1,"14":0,"15":1,"16":12},"b":{"0":[104,104],"1":[52,52],"2":[12,12],"3":[0,0],"4":[0,1]},"_coverageSchema":"1a1c01bbd47fc00a2c39e90264f33305004495a9","hash":"d4f1052f51eec936701843eb033a2672a275a486"}
,"/home/minh-ngu/Red/src/client/components/Keyboard.jsx": {"path":"/home/minh-ngu/Red/src/client/components/Keyboard.jsx","statementMap":{"0":{"start":{"line":7,"column":27},"end":{"line":44,"column":1}},"1":{"start":{"line":8,"column":2},"end":{"line":43,"column":9}},"2":{"start":{"line":9,"column":17},"end":{"line":9,"column":30}},"3":{"start":{"line":11,"column":25},"end":{"line":34,"column":12}},"4":{"start":{"line":12,"column":6},"end":{"line":13,"column":15}},"5":{"start":{"line":13,"column":8},"end":{"line":13,"column":15}},"6":{"start":{"line":14,"column":6},"end":{"line":32,"column":7}},"7":{"start":{"line":16,"column":10},"end":{"line":16,"column":39}},"8":{"start":{"line":17,"column":10},"end":{"line":17,"column":16}},"9":{"start":{"line":19,"column":10},"end":{"line":19,"column":38}},"10":{"start":{"line":20,"column":10},"end":{"line":20,"column":16}},"11":{"start":{"line":22,"column":10},"end":{"line":22,"column":38}},"12":{"start":{"line":23,"column":10},"end":{"line":23,"column":16}},"13":{"start":{"line":25,"column":10},"end":{"line":25,"column":37}},"14":{"start":{"line":26,"column":10},"end":{"line":26,"column":16}},"15":{"start":{"line":28,"column":10},"end":{"line":28,"column":38}},"16":{"start":{"line":29,"column":10},"end":{"line":29,"column":16}},"17":{"start":{"line":31,"column":10},"end":{"line":31,"column":16}},"18":{"start":{"line":33,"column":6},"end":{"line":33,"column":15}},"19":{"start":{"line":36,"column":22},"end":{"line":36,"column":53}},"20":{"start":{"line":36,"column":35},"end":{"line":36,"column":51}},"21":{"start":{"line":37,"column":4},"end":{"line":37,"column":50}},"22":{"start":{"line":39,"column":4},"end":{"line":42,"column":6}},"23":{"start":{"line":40,"column":6},"end":{"line":40,"column":29}},"24":{"start":{"line":41,"column":6},"end":{"line":41,"column":55}}},"fnMap":{"0":{"name":"(anonymous_0)","decl":{"start":{"line":7,"column":27},"end":{"line":7,"column":28}},"loc":{"start":{"line":7,"column":33},"end":{"line":44,"column":1}},"line":7},"1":{"name":"(anonymous_1)","decl":{"start":{"line":8,"column":12},"end":{"line":8,"column":13}},"loc":{"start":{"line":8,"column":18},"end":{"line":43,"column":3}},"line":8},"2":{"name":"(anonymous_2)","decl":{"start":{"line":11,"column":34},"end":{"line":11,"column":35}},"loc":{"start":{"line":11,"column":43},"end":{"line":34,"column":5}},"line":11},"3":{"name":"(anonymous_3)","decl":{"start":{"line":36,"column":22},"end":{"line":36,"column":23}},"loc":{"start":{"line":36,"column":33},"end":{"line":36,"column":53}},"line":36},"4":{"name":"(anonymous_4)","decl":{"start":{"line":39,"column":11},"end":{"line":39,"column":12}},"loc":{"start":{"line":39,"column":17},"end":{"line":42,"column":5}},"line":39}},"branchMap":{"0":{"loc":{"start":{"line":12,"column":6},"end":{"line":13,"column":15}},"type":"if","locations":[{"start":{"line":12,"column":6},"end":{"line":13,"column":15}},{"start":{},"end":{}}],"line":12},"1":{"loc":{"start":{"line":12,"column":10},"end":{"line":12,"column":27}},"type":"binary-expr","locations":[{"start":{"line":12,"column":10},"end":{"line":12,"column":19}},{"start":{"line":12,"column":23},"end":{"line":12,"column":27}}],"line":12},"2":{"loc":{"start":{"line":14,"column":6},"end":{"line":32,"column":7}},"type":"switch","locations":[{"start":{"line":15,"column":8},"end":{"line":17,"column":16}},{"start":{"line":18,"column":8},"end":{"line":20,"column":16}},{"start":{"line":21,"column":8},"end":{"line":23,"column":16}},{"start":{"line":24,"column":8},"end":{"line":26,"column":16}},{"start":{"line":27,"column":8},"end":{"line":29,"column":16}},{"start":{"line":30,"column":8},"end":{"line":31,"column":16}}],"line":14}},"s":{"0":1,"1":6,"2":6,"3":6,"4":11,"5":6,"6":5,"7":1,"8":1,"9":1,"10":1,"11":1,"12":1,"13":1,"14":1,"15":1,"16":1,"17":0,"18":5,"19":6,"20":6,"21":6,"22":6,"23":6,"24":6},"f":{"0":6,"1":6,"2":11,"3":6,"4":6},"b":{"0":[6,5],"1":[11,10],"2":[1,1,1,1,1,0]},"_coverageSchema":"1a1c01bbd47fc00a2c39e90264f33305004495a9","hash":"eee736245b1aca02e8b9b23a7270bdc67fd00b05"}
,"/home/minh-ngu/Red/src/client/components/Lobby.jsx": {"path":"/home/minh-ngu/Red/src/client/components/Lobby.jsx","statementMap":{"0":{"start":{"line":8,"column":21},"end":{"line":134,"column":1}},"1":{"start":{"line":9,"column":19},"end":{"line":9,"column":32}},"2":{"start":{"line":10,"column":15},"end":{"line":10,"column":56}},"3":{"start":{"line":10,"column":38},"end":{"line":10,"column":55}},"4":{"start":{"line":12,"column":36},"end":{"line":12,"column":51}},"5":{"start":{"line":13,"column":34},"end":{"line":13,"column":48}},"6":{"start":{"line":14,"column":32},"end":{"line":14,"column":47}},"7":{"start":{"line":15,"column":34},"end":{"line":15,"column":46}},"8":{"start":{"line":16,"column":34},"end":{"line":16,"column":49}},"9":{"start":{"line":18,"column":19},"end":{"line":22,"column":3}},"10":{"start":{"line":19,"column":4},"end":{"line":21,"column":7}},"11":{"start":{"line":20,"column":6},"end":{"line":20,"column":25}},"12":{"start":{"line":23,"column":22},"end":{"line":25,"column":3}},"13":{"start":{"line":24,"column":4},"end":{"line":24,"column":15}},"14":{"start":{"line":27,"column":28},"end":{"line":27,"column":40}},"15":{"start":{"line":29,"column":14},"end":{"line":29,"column":27}},"16":{"start":{"line":31,"column":2},"end":{"line":38,"column":9}},"17":{"start":{"line":32,"column":4},"end":{"line":32,"column":42}},"18":{"start":{"line":33,"column":4},"end":{"line":33,"column":15}},"19":{"start":{"line":35,"column":4},"end":{"line":37,"column":6}},"20":{"start":{"line":36,"column":6},"end":{"line":36,"column":45}},"21":{"start":{"line":40,"column":19},"end":{"line":44,"column":3}},"22":{"start":{"line":41,"column":4},"end":{"line":43,"column":7}},"23":{"start":{"line":42,"column":6},"end":{"line":42,"column":63}},"24":{"start":{"line":42,"column":28},"end":{"line":42,"column":63}},"25":{"start":{"line":46,"column":18},"end":{"line":48,"column":3}},"26":{"start":{"line":47,"column":4},"end":{"line":47,"column":20}},"27":{"start":{"line":50,"column":26},"end":{"line":52,"column":3}},"28":{"start":{"line":51,"column":4},"end":{"line":51,"column":23}},"29":{"start":{"line":54,"column":27},"end":{"line":56,"column":3}},"30":{"start":{"line":55,"column":4},"end":{"line":55,"column":32}},"31":{"start":{"line":58,"column":27},"end":{"line":84,"column":3}},"32":{"start":{"line":59,"column":4},"end":{"line":79,"column":5}},"33":{"start":{"line":60,"column":6},"end":{"line":78,"column":9}},"34":{"start":{"line":61,"column":8},"end":{"line":77,"column":9}},"35":{"start":{"line":62,"column":10},"end":{"line":62,"column":38}},"36":{"start":{"line":63,"column":10},"end":{"line":63,"column":30}},"37":{"start":{"line":65,"column":10},"end":{"line":65,"column":27}},"38":{"start":{"line":66,"column":10},"end":{"line":66,"column":38}},"39":{"start":{"line":67,"column":10},"end":{"line":67,"column":28}},"40":{"start":{"line":68,"column":10},"end":{"line":68,"column":30}},"41":{"start":{"line":69,"column":10},"end":{"line":76,"column":19}},"42":{"start":{"line":70,"column":12},"end":{"line":70,"column":30}},"43":{"start":{"line":71,"column":12},"end":{"line":75,"column":21}},"44":{"start":{"line":72,"column":14},"end":{"line":72,"column":32}},"45":{"start":{"line":73,"column":14},"end":{"line":73,"column":33}},"46":{"start":{"line":74,"column":14},"end":{"line":74,"column":30}},"47":{"start":{"line":80,"column":4},"end":{"line":83,"column":5}},"48":{"start":{"line":81,"column":6},"end":{"line":81,"column":24}},"49":{"start":{"line":82,"column":6},"end":{"line":82,"column":26}},"50":{"start":{"line":85,"column":2},"end":{"line":133,"column":4}},"51":{"start":{"line":108,"column":10},"end":{"line":123,"column":11}},"52":{"start":{"line":117,"column":16},"end":{"line":117,"column":35}}},"fnMap":{"0":{"name":"(anonymous_0)","decl":{"start":{"line":8,"column":21},"end":{"line":8,"column":22}},"loc":{"start":{"line":8,"column":27},"end":{"line":134,"column":1}},"line":8},"1":{"name":"(anonymous_1)","decl":{"start":{"line":10,"column":27},"end":{"line":10,"column":28}},"loc":{"start":{"line":10,"column":38},"end":{"line":10,"column":55}},"line":10},"2":{"name":"(anonymous_2)","decl":{"start":{"line":18,"column":19},"end":{"line":18,"column":20}},"loc":{"start":{"line":18,"column":25},"end":{"line":22,"column":3}},"line":18},"3":{"name":"(anonymous_3)","decl":{"start":{"line":19,"column":29},"end":{"line":19,"column":30}},"loc":{"start":{"line":19,"column":43},"end":{"line":21,"column":5}},"line":19},"4":{"name":"(anonymous_4)","decl":{"start":{"line":23,"column":22},"end":{"line":23,"column":23}},"loc":{"start":{"line":23,"column":28},"end":{"line":25,"column":3}},"line":23},"5":{"name":"(anonymous_5)","decl":{"start":{"line":31,"column":12},"end":{"line":31,"column":13}},"loc":{"start":{"line":31,"column":18},"end":{"line":38,"column":3}},"line":31},"6":{"name":"(anonymous_6)","decl":{"start":{"line":35,"column":11},"end":{"line":35,"column":12}},"loc":{"start":{"line":35,"column":17},"end":{"line":37,"column":5}},"line":35},"7":{"name":"(anonymous_7)","decl":{"start":{"line":40,"column":19},"end":{"line":40,"column":20}},"loc":{"start":{"line":40,"column":25},"end":{"line":44,"column":3}},"line":40},"8":{"name":"(anonymous_8)","decl":{"start":{"line":41,"column":28},"end":{"line":41,"column":29}},"loc":{"start":{"line":41,"column":42},"end":{"line":43,"column":5}},"line":41},"9":{"name":"(anonymous_9)","decl":{"start":{"line":46,"column":18},"end":{"line":46,"column":19}},"loc":{"start":{"line":46,"column":24},"end":{"line":48,"column":3}},"line":46},"10":{"name":"(anonymous_10)","decl":{"start":{"line":50,"column":26},"end":{"line":50,"column":27}},"loc":{"start":{"line":50,"column":32},"end":{"line":52,"column":3}},"line":50},"11":{"name":"(anonymous_11)","decl":{"start":{"line":54,"column":27},"end":{"line":54,"column":28}},"loc":{"start":{"line":54,"column":34},"end":{"line":56,"column":3}},"line":54},"12":{"name":"(anonymous_12)","decl":{"start":{"line":58,"column":27},"end":{"line":58,"column":28}},"loc":{"start":{"line":58,"column":34},"end":{"line":84,"column":3}},"line":58},"13":{"name":"(anonymous_13)","decl":{"start":{"line":60,"column":52},"end":{"line":60,"column":53}},"loc":{"start":{"line":60,"column":66},"end":{"line":78,"column":7}},"line":60},"14":{"name":"(anonymous_14)","decl":{"start":{"line":69,"column":21},"end":{"line":69,"column":22}},"loc":{"start":{"line":69,"column":27},"end":{"line":76,"column":11}},"line":69},"15":{"name":"(anonymous_15)","decl":{"start":{"line":71,"column":23},"end":{"line":71,"column":24}},"loc":{"start":{"line":71,"column":29},"end":{"line":75,"column":13}},"line":71},"16":{"name":"(anonymous_16)","decl":{"start":{"line":107,"column":19},"end":{"line":107,"column":20}},"loc":{"start":{"line":108,"column":10},"end":{"line":123,"column":11}},"line":108},"17":{"name":"(anonymous_17)","decl":{"start":{"line":116,"column":23},"end":{"line":116,"column":24}},"loc":{"start":{"line":116,"column":30},"end":{"line":118,"column":15}},"line":116}},"branchMap":{"0":{"loc":{"start":{"line":42,"column":6},"end":{"line":42,"column":63}},"type":"if","locations":[{"start":{"line":42,"column":6},"end":{"line":42,"column":63}},{"start":{},"end":{}}],"line":42},"1":{"loc":{"start":{"line":59,"column":4},"end":{"line":79,"column":5}},"type":"if","locations":[{"start":{"line":59,"column":4},"end":{"line":79,"column":5}},{"start":{},"end":{}}],"line":59},"2":{"loc":{"start":{"line":59,"column":8},"end":{"line":59,"column":72}},"type":"binary-expr","locations":[{"start":{"line":59,"column":8},"end":{"line":59,"column":25}},{"start":{"line":59,"column":30},"end":{"line":59,"column":50}},{"start":{"line":59,"column":54},"end":{"line":59,"column":71}}],"line":59},"3":{"loc":{"start":{"line":61,"column":8},"end":{"line":77,"column":9}},"type":"if","locations":[{"start":{"line":61,"column":8},"end":{"line":77,"column":9}},{"start":{"line":64,"column":15},"end":{"line":77,"column":9}}],"line":61},"4":{"loc":{"start":{"line":80,"column":4},"end":{"line":83,"column":5}},"type":"if","locations":[{"start":{"line":80,"column":4},"end":{"line":83,"column":5}},{"start":{},"end":{}}],"line":80},"5":{"loc":{"start":{"line":80,"column":8},"end":{"line":80,"column":50}},"type":"binary-expr","locations":[{"start":{"line":80,"column":8},"end":{"line":80,"column":28}},{"start":{"line":80,"column":32},"end":{"line":80,"column":50}}],"line":80},"6":{"loc":{"start":{"line":88,"column":9},"end":{"line":101,"column":9}},"type":"cond-expr","locations":[{"start":{"line":89,"column":10},"end":{"line":96,"column":12}},{"start":{"line":98,"column":10},"end":{"line":100,"column":16}}],"line":88},"7":{"loc":{"start":{"line":103,"column":7},"end":{"line":105,"column":7}},"type":"binary-expr","locations":[{"start":{"line":103,"column":7},"end":{"line":103,"column":14}},{"start":{"line":104,"column":8},"end":{"line":104,"column":79}}],"line":103},"8":{"loc":{"start":{"line":104,"column":33},"end":{"line":104,"column":59}},"type":"cond-expr","locations":[{"start":{"line":104,"column":44},"end":{"line":104,"column":54}},{"start":{"line":104,"column":57},"end":{"line":104,"column":59}}],"line":104},"9":{"loc":{"start":{"line":108,"column":10},"end":{"line":123,"column":11}},"type":"cond-expr","locations":[{"start":{"line":109,"column":12},"end":{"line":111,"column":19}},{"start":{"line":113,"column":12},"end":{"line":122,"column":19}}],"line":108}},"s":{"0":1,"1":22,"2":22,"3":0,"4":22,"5":22,"6":22,"7":22,"8":22,"9":22,"10":7,"11":7,"12":22,"13":0,"14":22,"15":22,"16":22,"17":7,"18":7,"19":7,"20":7,"21":22,"22":1,"23":1,"24":1,"25":22,"26":1,"27":22,"28":3,"29":22,"30":2,"31":22,"32":3,"33":2,"34":2,"35":1,"36":1,"37":1,"38":1,"39":1,"40":1,"41":1,"42":0,"43":0,"44":0,"45":0,"46":0,"47":3,"48":1,"49":1,"50":22,"51":15,"52":0},"f":{"0":22,"1":0,"2":7,"3":7,"4":0,"5":7,"6":7,"7":1,"8":1,"9":1,"10":3,"11":2,"12":3,"13":2,"14":0,"15":0,"16":15,"17":0},"b":{"0":[1,0],"1":[2,1],"2":[3,1,1],"3":[1,1],"4":[1,2],"5":[3,1],"6":[5,17],"7":[22,1],"8":[0,1],"9":[15,0]},"_coverageSchema":"1a1c01bbd47fc00a2c39e90264f33305004495a9","hash":"d545958a240d97e9e60c527f70a5de04a6573dec"}
,"/home/minh-ngu/Red/src/client/components/NotFound.jsx": {"path":"/home/minh-ngu/Red/src/client/components/NotFound.jsx","statementMap":{"0":{"start":{"line":4,"column":24},"end":{"line":14,"column":1}},"1":{"start":{"line":5,"column":2},"end":{"line":13,"column":4}}},"fnMap":{"0":{"name":"(anonymous_0)","decl":{"start":{"line":4,"column":24},"end":{"line":4,"column":25}},"loc":{"start":{"line":4,"column":30},"end":{"line":14,"column":1}},"line":4}},"branchMap":{},"s":{"0":1,"1":1},"f":{"0":1},"b":{},"_coverageSchema":"1a1c01bbd47fc00a2c39e90264f33305004495a9","hash":"d2950ea2c1da6eb0d451c42feeb39eed3db1d684"}
,"/home/minh-ngu/Red/src/client/components/Spectrums.jsx": {"path":"/home/minh-ngu/Red/src/client/components/Spectrums.jsx","statementMap":{"0":{"start":{"line":4,"column":24},"end":{"line":28,"column":1}},"1":{"start":{"line":5,"column":2},"end":{"line":27,"column":4}},"2":{"start":{"line":10,"column":22},"end":{"line":10,"column":40}},"3":{"start":{"line":11,"column":22},"end":{"line":11,"column":28}},"4":{"start":{"line":12,"column":28},"end":{"line":12,"column":52}},"5":{"start":{"line":13,"column":27},"end":{"line":13,"column":67}},"6":{"start":{"line":15,"column":10},"end":{"line":22,"column":12}},"7":{"start":{"line":30,"column":25},"end":{"line":70,"column":1}},"8":{"start":{"line":31,"column":36},"end":{"line":31,"column":48}},"9":{"start":{"line":33,"column":23},"end":{"line":36,"column":3}},"10":{"start":{"line":34,"column":41},"end":{"line":34,"column":50}},"11":{"start":{"line":35,"column":4},"end":{"line":35,"column":31}},"12":{"start":{"line":38,"column":25},"end":{"line":43,"column":3}},"13":{"start":{"line":39,"column":4},"end":{"line":42,"column":7}},"14":{"start":{"line":45,"column":2},"end":{"line":51,"column":9}},"15":{"start":{"line":46,"column":4},"end":{"line":48,"column":7}},"16":{"start":{"line":47,"column":6},"end":{"line":47,"column":51}},"17":{"start":{"line":47,"column":28},"end":{"line":47,"column":51}},"18":{"start":{"line":50,"column":4},"end":{"line":50,"column":20}},"19":{"start":{"line":53,"column":2},"end":{"line":61,"column":18}},"20":{"start":{"line":54,"column":4},"end":{"line":54,"column":42}},"21":{"start":{"line":55,"column":4},"end":{"line":55,"column":44}},"22":{"start":{"line":57,"column":4},"end":{"line":60,"column":6}},"23":{"start":{"line":58,"column":6},"end":{"line":58,"column":45}},"24":{"start":{"line":59,"column":6},"end":{"line":59,"column":47}},"25":{"start":{"line":63,"column":2},"end":{"line":69,"column":4}},"26":{"start":{"line":66,"column":8},"end":{"line":66,"column":48}}},"fnMap":{"0":{"name":"(anonymous_0)","decl":{"start":{"line":4,"column":24},"end":{"line":4,"column":25}},"loc":{"start":{"line":4,"column":38},"end":{"line":28,"column":1}},"line":4},"1":{"name":"(anonymous_1)","decl":{"start":{"line":9,"column":45},"end":{"line":9,"column":46}},"loc":{"start":{"line":9,"column":55},"end":{"line":23,"column":9}},"line":9},"2":{"name":"(anonymous_2)","decl":{"start":{"line":30,"column":25},"end":{"line":30,"column":26}},"loc":{"start":{"line":30,"column":31},"end":{"line":70,"column":1}},"line":30},"3":{"name":"(anonymous_3)","decl":{"start":{"line":33,"column":23},"end":{"line":33,"column":24}},"loc":{"start":{"line":33,"column":31},"end":{"line":36,"column":3}},"line":33},"4":{"name":"(anonymous_4)","decl":{"start":{"line":38,"column":25},"end":{"line":38,"column":26}},"loc":{"start":{"line":38,"column":69},"end":{"line":43,"column":3}},"line":38},"5":{"name":"(anonymous_5)","decl":{"start":{"line":45,"column":12},"end":{"line":45,"column":13}},"loc":{"start":{"line":45,"column":18},"end":{"line":51,"column":3}},"line":45},"6":{"name":"(anonymous_6)","decl":{"start":{"line":46,"column":29},"end":{"line":46,"column":30}},"loc":{"start":{"line":46,"column":43},"end":{"line":48,"column":5}},"line":46},"7":{"name":"(anonymous_7)","decl":{"start":{"line":50,"column":11},"end":{"line":50,"column":12}},"loc":{"start":{"line":50,"column":17},"end":{"line":50,"column":19}},"line":50},"8":{"name":"(anonymous_8)","decl":{"start":{"line":53,"column":12},"end":{"line":53,"column":13}},"loc":{"start":{"line":53,"column":18},"end":{"line":61,"column":3}},"line":53},"9":{"name":"(anonymous_9)","decl":{"start":{"line":57,"column":11},"end":{"line":57,"column":12}},"loc":{"start":{"line":57,"column":17},"end":{"line":60,"column":5}},"line":57},"10":{"name":"(anonymous_10)","decl":{"start":{"line":65,"column":34},"end":{"line":65,"column":35}},"loc":{"start":{"line":66,"column":8},"end":{"line":66,"column":48}},"line":66}},"branchMap":{"0":{"loc":{"start":{"line":13,"column":27},"end":{"line":13,"column":67}},"type":"binary-expr","locations":[{"start":{"line":13,"column":27},"end":{"line":13,"column":37}},{"start":{"line":13,"column":41},"end":{"line":13,"column":67}}],"line":13},"1":{"loc":{"start":{"line":19,"column":16},"end":{"line":19,"column":69}},"type":"cond-expr","locations":[{"start":{"line":19,"column":28},"end":{"line":19,"column":37}},{"start":{"line":19,"column":40},"end":{"line":19,"column":69}}],"line":19},"2":{"loc":{"start":{"line":19,"column":40},"end":{"line":19,"column":69}},"type":"cond-expr","locations":[{"start":{"line":19,"column":51},"end":{"line":19,"column":59}},{"start":{"line":19,"column":62},"end":{"line":19,"column":69}}],"line":19},"3":{"loc":{"start":{"line":47,"column":6},"end":{"line":47,"column":51}},"type":"if","locations":[{"start":{"line":47,"column":6},"end":{"line":47,"column":51}},{"start":{},"end":{}}],"line":47}},"s":{"0":1,"1":3,"2":600,"3":600,"4":600,"5":600,"6":600,"7":1,"8":0,"9":0,"10":0,"11":0,"12":0,"13":0,"14":0,"15":0,"16":0,"17":0,"18":0,"19":0,"20":0,"21":0,"22":0,"23":0,"24":0,"25":0,"26":0},"f":{"0":3,"1":600,"2":0,"3":0,"4":0,"5":0,"6":0,"7":0,"8":0,"9":0,"10":0},"b":{"0":[600,540],"1":[60,540],"2":[90,450],"3":[0,0]},"_coverageSchema":"1a1c01bbd47fc00a2c39e90264f33305004495a9","hash":"2d6313ba901de62d8062dc944027c97df9af31e7"}
,"/home/minh-ngu/Red/src/client/components/Square.jsx": {"path":"/home/minh-ngu/Red/src/client/components/Square.jsx","statementMap":{"0":{"start":{"line":3,"column":22},"end":{"line":9,"column":1}},"1":{"start":{"line":4,"column":2},"end":{"line":8,"column":4}}},"fnMap":{"0":{"name":"(anonymous_0)","decl":{"start":{"line":3,"column":22},"end":{"line":3,"column":23}},"loc":{"start":{"line":3,"column":54},"end":{"line":9,"column":1}},"line":3}},"branchMap":{"0":{"loc":{"start":{"line":6,"column":25},"end":{"line":6,"column":83}},"type":"cond-expr","locations":[{"start":{"line":6,"column":35},"end":{"line":6,"column":44}},{"start":{"line":6,"column":47},"end":{"line":6,"column":83}}],"line":6},"1":{"loc":{"start":{"line":6,"column":47},"end":{"line":6,"column":83}},"type":"cond-expr","locations":[{"start":{"line":6,"column":56},"end":{"line":6,"column":73}},{"start":{"line":6,"column":76},"end":{"line":6,"column":83}}],"line":6}},"s":{"0":1,"1":4},"f":{"0":4},"b":{"0":[2,2],"1":[1,1]},"_coverageSchema":"1a1c01bbd47fc00a2c39e90264f33305004495a9","hash":"f2219316c6d0453cda43603a29e08acfb5991cf7"}
,"/home/minh-ngu/Red/src/client/utils/gamepad.js": {"path":"/home/minh-ngu/Red/src/client/utils/gamepad.js","statementMap":{"0":{"start":{"line":9,"column":22},"end":{"line":9,"column":24}},"1":{"start":{"line":10,"column":23},"end":{"line":10,"column":25}},"2":{"start":{"line":12,"column":16},"end":{"line":12,"column":17}},"3":{"start":{"line":13,"column":17},"end":{"line":13,"column":22}},"4":{"start":{"line":14,"column":20},"end":{"line":14,"column":22}},"5":{"start":{"line":15,"column":19},"end":{"line":15,"column":21}},"6":{"start":{"line":17,"column":28},"end":{"line":89,"column":1}},"7":{"start":{"line":18,"column":19},"end":{"line":18,"column":71}},"8":{"start":{"line":19,"column":13},"end":{"line":19,"column":24}},"9":{"start":{"line":20,"column":2},"end":{"line":20,"column":18}},"10":{"start":{"line":20,"column":11},"end":{"line":20,"column":18}},"11":{"start":{"line":22,"column":2},"end":{"line":51,"column":5}},"12":{"start":{"line":23,"column":4},"end":{"line":50,"column":5}},"13":{"start":{"line":25,"column":6},"end":{"line":49,"column":7}},"14":{"start":{"line":26,"column":8},"end":{"line":29,"column":9}},"15":{"start":{"line":27,"column":10},"end":{"line":27,"column":37}},"16":{"start":{"line":28,"column":10},"end":{"line":28,"column":32}},"17":{"start":{"line":31,"column":11},"end":{"line":49,"column":7}},"18":{"start":{"line":32,"column":8},"end":{"line":42,"column":9}},"19":{"start":{"line":33,"column":10},"end":{"line":40,"column":13}},"20":{"start":{"line":34,"column":12},"end":{"line":39,"column":13}},"21":{"start":{"line":35,"column":14},"end":{"line":35,"column":43}},"22":{"start":{"line":36,"column":14},"end":{"line":36,"column":50}},"23":{"start":{"line":38,"column":14},"end":{"line":38,"column":50}},"24":{"start":{"line":41,"column":10},"end":{"line":41,"column":32}},"25":{"start":{"line":44,"column":11},"end":{"line":49,"column":7}},"26":{"start":{"line":45,"column":8},"end":{"line":48,"column":9}},"27":{"start":{"line":46,"column":10},"end":{"line":46,"column":38}},"28":{"start":{"line":47,"column":10},"end":{"line":47,"column":32}},"29":{"start":{"line":53,"column":2},"end":{"line":54,"column":23}},"30":{"start":{"line":54,"column":4},"end":{"line":54,"column":23}},"31":{"start":{"line":56,"column":16},"end":{"line":56,"column":18}},"32":{"start":{"line":57,"column":2},"end":{"line":66,"column":5}},"33":{"start":{"line":58,"column":4},"end":{"line":65,"column":5}},"34":{"start":{"line":59,"column":6},"end":{"line":64,"column":7}},"35":{"start":{"line":60,"column":8},"end":{"line":61,"column":46}},"36":{"start":{"line":60,"column":26},"end":{"line":60,"column":41}},"37":{"start":{"line":61,"column":13},"end":{"line":61,"column":46}},"38":{"start":{"line":61,"column":30},"end":{"line":61,"column":46}},"39":{"start":{"line":62,"column":13},"end":{"line":64,"column":7}},"40":{"start":{"line":63,"column":8},"end":{"line":63,"column":40}},"41":{"start":{"line":63,"column":25},"end":{"line":63,"column":40}},"42":{"start":{"line":68,"column":2},"end":{"line":82,"column":3}},"43":{"start":{"line":69,"column":4},"end":{"line":70,"column":37}},"44":{"start":{"line":70,"column":6},"end":{"line":70,"column":37}},"45":{"start":{"line":71,"column":4},"end":{"line":77,"column":5}},"46":{"start":{"line":72,"column":6},"end":{"line":72,"column":18}},"47":{"start":{"line":73,"column":6},"end":{"line":76,"column":7}},"48":{"start":{"line":74,"column":8},"end":{"line":74,"column":26}},"49":{"start":{"line":75,"column":8},"end":{"line":75,"column":22}},"50":{"start":{"line":78,"column":4},"end":{"line":81,"column":5}},"51":{"start":{"line":79,"column":6},"end":{"line":79,"column":44}},"52":{"start":{"line":80,"column":6},"end":{"line":80,"column":37}},"53":{"start":{"line":84,"column":2},"end":{"line":87,"column":3}},"54":{"start":{"line":85,"column":4},"end":{"line":85,"column":23}},"55":{"start":{"line":86,"column":4},"end":{"line":86,"column":18}},"56":{"start":{"line":88,"column":2},"end":{"line":88,"column":25}}},"fnMap":{"0":{"name":"(anonymous_0)","decl":{"start":{"line":17,"column":28},"end":{"line":17,"column":29}},"loc":{"start":{"line":17,"column":93},"end":{"line":89,"column":1}},"line":17},"1":{"name":"(anonymous_1)","decl":{"start":{"line":22,"column":21},"end":{"line":22,"column":22}},"loc":{"start":{"line":22,"column":40},"end":{"line":51,"column":3}},"line":22},"2":{"name":"(anonymous_2)","decl":{"start":{"line":33,"column":45},"end":{"line":33,"column":46}},"loc":{"start":{"line":33,"column":59},"end":{"line":40,"column":11}},"line":33},"3":{"name":"(anonymous_3)","decl":{"start":{"line":57,"column":18},"end":{"line":57,"column":19}},"loc":{"start":{"line":57,"column":36},"end":{"line":66,"column":3}},"line":57}},"branchMap":{"0":{"loc":{"start":{"line":18,"column":19},"end":{"line":18,"column":71}},"type":"cond-expr","locations":[{"start":{"line":18,"column":43},"end":{"line":18,"column":66}},{"start":{"line":18,"column":69},"end":{"line":18,"column":71}}],"line":18},"1":{"loc":{"start":{"line":20,"column":2},"end":{"line":20,"column":18}},"type":"if","locations":[{"start":{"line":20,"column":2},"end":{"line":20,"column":18}},{"start":{},"end":{}}],"line":20},"2":{"loc":{"start":{"line":23,"column":4},"end":{"line":50,"column":5}},"type":"if","locations":[{"start":{"line":23,"column":4},"end":{"line":50,"column":5}},{"start":{},"end":{}}],"line":23},"3":{"loc":{"start":{"line":25,"column":6},"end":{"line":49,"column":7}},"type":"if","locations":[{"start":{"line":25,"column":6},"end":{"line":49,"column":7}},{"start":{"line":31,"column":11},"end":{"line":49,"column":7}}],"line":25},"4":{"loc":{"start":{"line":26,"column":8},"end":{"line":29,"column":9}},"type":"if","locations":[{"start":{"line":26,"column":8},"end":{"line":29,"column":9}},{"start":{},"end":{}}],"line":26},"5":{"loc":{"start":{"line":31,"column":11},"end":{"line":49,"column":7}},"type":"if","locations":[{"start":{"line":31,"column":11},"end":{"line":49,"column":7}},{"start":{"line":44,"column":11},"end":{"line":49,"column":7}}],"line":31},"6":{"loc":{"start":{"line":32,"column":8},"end":{"line":42,"column":9}},"type":"if","locations":[{"start":{"line":32,"column":8},"end":{"line":42,"column":9}},{"start":{},"end":{}}],"line":32},"7":{"loc":{"start":{"line":34,"column":12},"end":{"line":39,"column":13}},"type":"if","locations":[{"start":{"line":34,"column":12},"end":{"line":39,"column":13}},{"start":{"line":37,"column":19},"end":{"line":39,"column":13}}],"line":34},"8":{"loc":{"start":{"line":44,"column":11},"end":{"line":49,"column":7}},"type":"if","locations":[{"start":{"line":44,"column":11},"end":{"line":49,"column":7}},{"start":{},"end":{}}],"line":44},"9":{"loc":{"start":{"line":44,"column":15},"end":{"line":44,"column":41}},"type":"binary-expr","locations":[{"start":{"line":44,"column":15},"end":{"line":44,"column":26}},{"start":{"line":44,"column":30},"end":{"line":44,"column":41}}],"line":44},"10":{"loc":{"start":{"line":45,"column":8},"end":{"line":48,"column":9}},"type":"if","locations":[{"start":{"line":45,"column":8},"end":{"line":48,"column":9}},{"start":{},"end":{}}],"line":45},"11":{"loc":{"start":{"line":53,"column":2},"end":{"line":54,"column":23}},"type":"if","locations":[{"start":{"line":53,"column":2},"end":{"line":54,"column":23}},{"start":{},"end":{}}],"line":53},"12":{"loc":{"start":{"line":53,"column":6},"end":{"line":53,"column":67}},"type":"binary-expr","locations":[{"start":{"line":53,"column":6},"end":{"line":53,"column":26}},{"start":{"line":53,"column":30},"end":{"line":53,"column":67}}],"line":53},"13":{"loc":{"start":{"line":58,"column":4},"end":{"line":65,"column":5}},"type":"if","locations":[{"start":{"line":58,"column":4},"end":{"line":65,"column":5}},{"start":{},"end":{}}],"line":58},"14":{"loc":{"start":{"line":59,"column":6},"end":{"line":64,"column":7}},"type":"if","locations":[{"start":{"line":59,"column":6},"end":{"line":64,"column":7}},{"start":{"line":62,"column":13},"end":{"line":64,"column":7}}],"line":59},"15":{"loc":{"start":{"line":60,"column":8},"end":{"line":61,"column":46}},"type":"if","locations":[{"start":{"line":60,"column":8},"end":{"line":61,"column":46}},{"start":{"line":61,"column":13},"end":{"line":61,"column":46}}],"line":60},"16":{"loc":{"start":{"line":61,"column":13},"end":{"line":61,"column":46}},"type":"if","locations":[{"start":{"line":61,"column":13},"end":{"line":61,"column":46}},{"start":{},"end":{}}],"line":61},"17":{"loc":{"start":{"line":62,"column":13},"end":{"line":64,"column":7}},"type":"if","locations":[{"start":{"line":62,"column":13},"end":{"line":64,"column":7}},{"start":{},"end":{}}],"line":62},"18":{"loc":{"start":{"line":63,"column":8},"end":{"line":63,"column":40}},"type":"if","locations":[{"start":{"line":63,"column":8},"end":{"line":63,"column":40}},{"start":{},"end":{}}],"line":63},"19":{"loc":{"start":{"line":68,"column":2},"end":{"line":82,"column":3}},"type":"if","locations":[{"start":{"line":68,"column":2},"end":{"line":82,"column":3}},{"start":{},"end":{}}],"line":68},"20":{"loc":{"start":{"line":69,"column":4},"end":{"line":70,"column":37}},"type":"if","locations":[{"start":{"line":69,"column":4},"end":{"line":70,"column":37}},{"start":{},"end":{}}],"line":69},"21":{"loc":{"start":{"line":69,"column":8},"end":{"line":69,"column":47}},"type":"binary-expr","locations":[{"start":{"line":69,"column":8},"end":{"line":69,"column":19}},{"start":{"line":69,"column":23},"end":{"line":69,"column":47}}],"line":69},"22":{"loc":{"start":{"line":71,"column":4},"end":{"line":77,"column":5}},"type":"if","locations":[{"start":{"line":71,"column":4},"end":{"line":77,"column":5}},{"start":{},"end":{}}],"line":71},"23":{"loc":{"start":{"line":73,"column":6},"end":{"line":76,"column":7}},"type":"if","locations":[{"start":{"line":73,"column":6},"end":{"line":76,"column":7}},{"start":{},"end":{}}],"line":73},"24":{"loc":{"start":{"line":78,"column":4},"end":{"line":81,"column":5}},"type":"if","locations":[{"start":{"line":78,"column":4},"end":{"line":81,"column":5}},{"start":{},"end":{}}],"line":78},"25":{"loc":{"start":{"line":78,"column":8},"end":{"line":78,"column":76}},"type":"binary-expr","locations":[{"start":{"line":78,"column":8},"end":{"line":78,"column":18}},{"start":{"line":78,"column":22},"end":{"line":78,"column":76}}],"line":78},"26":{"loc":{"start":{"line":84,"column":2},"end":{"line":87,"column":3}},"type":"if","locations":[{"start":{"line":84,"column":2},"end":{"line":87,"column":3}},{"start":{},"end":{}}],"line":84},"27":{"loc":{"start":{"line":84,"column":6},"end":{"line":84,"column":48}},"type":"binary-expr","locations":[{"start":{"line":84,"column":6},"end":{"line":84,"column":20}},{"start":{"line":84,"column":24},"end":{"line":84,"column":48}}],"line":84}},"s":{"0":1,"1":1,"2":1,"3":1,"4":1,"5":1,"6":1,"7":0,"8":0,"9":0,"10":0,"11":0,"12":0,"13":0,"14":0,"15":0,"16":0,"17":0,"18":0,"19":0,"20":0,"21":0,"22":0,"23":0,"24":0,"25":0,"26":0,"27":0,"28":0,"29":0,"30":0,"31":0,"32":0,"33":0,"34":0,"35":0,"36":0,"37":0,"38":0,"39":0,"40":0,"41":0,"42":0,"43":0,"44":0,"45":0,"46":0,"47":0,"48":0,"49":0,"50":0,"51":0,"52":0,"53":0,"54":0,"55":0,"56":0},"f":{"0":0,"1":0,"2":0,"3":0},"b":{"0":[0,0],"1":[0,0],"2":[0,0],"3":[0,0],"4":[0,0],"5":[0,0],"6":[0,0],"7":[0,0],"8":[0,0],"9":[0,0],"10":[0,0],"11":[0,0],"12":[0,0],"13":[0,0],"14":[0,0],"15":[0,0],"16":[0,0],"17":[0,0],"18":[0,0],"19":[0,0],"20":[0,0],"21":[0,0],"22":[0,0],"23":[0,0],"24":[0,0],"25":[0,0],"26":[0,0],"27":[0,0]},"_coverageSchema":"1a1c01bbd47fc00a2c39e90264f33305004495a9","hash":"ea79444f7aa284804d3b6d8737ab1b56048cc9de"}
,"/home/minh-ngu/Red/src/client/utils/move_piece.js": {"path":"/home/minh-ngu/Red/src/client/utils/move_piece.js","statementMap":{"0":{"start":{"line":23,"column":30},"end":{"line":32,"column":1}},"1":{"start":{"line":24,"column":2},"end":{"line":24,"column":17}},"2":{"start":{"line":25,"column":2},"end":{"line":25,"column":17}},"3":{"start":{"line":26,"column":2},"end":{"line":26,"column":10}},"4":{"start":{"line":27,"column":2},"end":{"line":27,"column":10}},"5":{"start":{"line":28,"column":2},"end":{"line":28,"column":28}},"6":{"start":{"line":29,"column":2},"end":{"line":29,"column":40}},"7":{"start":{"line":30,"column":2},"end":{"line":30,"column":29}},"8":{"start":{"line":31,"column":2},"end":{"line":31,"column":28}},"9":{"start":{"line":34,"column":27},"end":{"line":49,"column":1}},"10":{"start":{"line":35,"column":2},"end":{"line":35,"column":23}},"11":{"start":{"line":36,"column":22},"end":{"line":36,"column":39}},"12":{"start":{"line":37,"column":16},"end":{"line":37,"column":49}},"13":{"start":{"line":38,"column":2},"end":{"line":41,"column":3}},"14":{"start":{"line":38,"column":27},"end":{"line":38,"column":56}},"15":{"start":{"line":39,"column":4},"end":{"line":39,"column":43}},"16":{"start":{"line":40,"column":4},"end":{"line":40,"column":11}},"17":{"start":{"line":42,"column":2},"end":{"line":47,"column":3}},"18":{"start":{"line":43,"column":18},"end":{"line":43,"column":53}},"19":{"start":{"line":44,"column":4},"end":{"line":44,"column":24}},"20":{"start":{"line":45,"column":4},"end":{"line":45,"column":66}},"21":{"start":{"line":45,"column":28},"end":{"line":45,"column":64}},"22":{"start":{"line":46,"column":4},"end":{"line":46,"column":47}},"23":{"start":{"line":48,"column":2},"end":{"line":48,"column":19}},"24":{"start":{"line":51,"column":28},"end":{"line":80,"column":1}},"25":{"start":{"line":53,"column":2},"end":{"line":79,"column":3}},"26":{"start":{"line":54,"column":4},"end":{"line":54,"column":21}},"27":{"start":{"line":55,"column":9},"end":{"line":79,"column":3}},"28":{"start":{"line":59,"column":4},"end":{"line":59,"column":21}},"29":{"start":{"line":60,"column":4},"end":{"line":60,"column":21}},"30":{"start":{"line":61,"column":9},"end":{"line":79,"column":3}},"31":{"start":{"line":65,"column":4},"end":{"line":65,"column":21}},"32":{"start":{"line":66,"column":4},"end":{"line":66,"column":21}},"33":{"start":{"line":67,"column":9},"end":{"line":79,"column":3}},"34":{"start":{"line":69,"column":4},"end":{"line":78,"column":5}},"35":{"start":{"line":70,"column":6},"end":{"line":70,"column":23}},"36":{"start":{"line":71,"column":6},"end":{"line":71,
[...]
"start":{"line":145,"column":8},"end":{"line":145,"column":37}},"84":{"start":{"line":146,"column":8},"end":{"line":146,"column":15}},"85":{"start":{"line":148,"column":19},"end":{"line":148,"column":37}},"86":{"start":{"line":149,"column":6},"end":{"line":149,"column":33}},"87":{"start":{"line":150,"column":6},"end":{"line":150,"column":57}},"88":{"start":{"line":153,"column":4},"end":{"line":160,"column":7}},"89":{"start":{"line":155,"column":6},"end":{"line":159,"column":7}},"90":{"start":{"line":156,"column":8},"end":{"line":156,"column":36}},"91":{"start":{"line":157,"column":8},"end":{"line":157,"column":46}},"92":{"start":{"line":158,"column":8},"end":{"line":158,"column":29}},"93":{"start":{"line":162,"column":4},"end":{"line":169,"column":7}},"94":{"start":{"line":163,"column":6},"end":{"line":168,"column":8}},"95":{"start":{"line":165,"column":22},"end":{"line":165,"column":65}},"96":{"start":{"line":171,"column":4},"end":{"line":183,"column":7}},"97":{"start":{"line":172,"column":19},"end":{"line":172,"column":37}},"98":{"start":{"line":173,"column":6},"end":{"line":182,"column":7}},"99":{"start":{"line":174,"column":8},"end":{"line":174,"column":28}},"100":{"start":{"line":175,"column":8},"end":{"line":175,"column":41}},"101":{"start":{"line":176,"column":8},"end":{"line":176,"column":43}},"102":{"start":{"line":177,"column":8},"end":{"line":177,"column":32}},"103":{"start":{"line":178,"column":8},"end":{"line":178,"column":36}},"104":{"start":{"line":179,"column":8},"end":{"line":179,"column":59}},"105":{"start":{"line":181,"column":8},"end":{"line":181,"column":37}},"106":{"start":{"line":185,"column":4},"end":{"line":191,"column":7}},"107":{"start":{"line":186,"column":19},"end":{"line":186,"column":37}},"108":{"start":{"line":187,"column":6},"end":{"line":190,"column":7}},"109":{"start":{"line":188,"column":8},"end":{"line":188,"column":33}},"110":{"start":{"line":189,"column":8},"end":{"line":189,"column":50}},"111":{"start":{"line":193,"column":4},"end":{"line":208,"column":7}},"112":{"start":{"line":194,"column":6},"end":{"line":197,"column":7}},"113":{"start":{"line":195,"column":8},"end":{"line":195,"column":23}},"114":{"start":{"line":196,"column":8},"end":{"line":196,"column":15}},"115":{"start":{"line":198,"column":22},"end":{"line":198,"column":49}},"116":{"start":{"line":199,"column":6},"end":{"line":202,"column":7}},"117":{"start":{"line":200,"column":8},"end":{"line":200,"column":23}},"118":{"start":{"line":201,"column":8},"end":{"line":201,"column":15}},"119":{"start":{"line":203,"column":19},"end":{"line":203,"column":58}},"120":{"start":{"line":204,"column":6},"end":{"line":206,"column":7}},"121":{"start":{"line":205,"column":8},"end":{"line":205,"column":23}},"122":{"start":{"line":207,"column":6},"end":{"line":207,"column":21}},"123":{"start":{"line":210,"column":4},"end":{"line":222,"column":7}},"124":{"start":{"line":211,"column":22},"end":{"line":211,"column":49}},"125":{"start":{"line":212,"column":19},"end":{"line":212,"column":37}},"126":{"start":{"line":213,"column":6},"end":{"line":213,"column":24}},"127":{"start":{"line":213,"column":17},"end":{"line":213,"column":24}},"128":{"start":{"line":214,"column":21},"end":{"line":214,"column":71}},"129":{"start":{"line":215,"column":6},"end":{"line":221,"column":9}},"130":{"start":{"line":224,"column":4},"end":{"line":232,"column":7}},"131":{"start":{"line":225,"column":19},"end":{"line":225,"column":37}},"132":{"start":{"line":226,"column":6},"end":{"line":226,"column":24}},"133":{"start":{"line":226,"column":17},"end":{"line":226,"column":24}},"134":{"start":{"line":227,"column":20},"end":{"line":227,"column":45}},"135":{"start":{"line":228,"column":6},"end":{"line":228,"column":32}},"136":{"start":{"line":229,"column":6},"end":{"line":229,"column":24}},"137":{"start":{"line":230,"column":6},"end":{"line":230,"column":65}},"138":{"start":{"line":231,"column":6},"end":{"line":231,"column":57}},"139":{"start":{"line":234,"column":4},"end":{"line":257,"column":7}},"140":{"start":{"line":235,"column":22},"end":{"line":235,"column":49}},"141":{"start":{"line":236,"column":20},"end":{"line":241,"column":9}},"142":{"start":{"line":242,"column":6},"end":{"line":242,"column":50}},"143":{"start":{"line":244,"column":6},"end":{"line":247,"column":9}},"144":{"start":{"line":249,"column":6},"end":{"line":256,"column":7}},"145":{"start":{"line":250,"column":8},"end":{"line":250,"column":61}},"146":{"start":{"line":251,"column":8},"end":{"line":255,"column":10}},"147":{"start":{"line":259,"column":4},"end":{"line":263,"column":7}},"148":{"start":{"line":260,"column":22},"end":{"line":260,"column":49}},"149":{"start":{"line":261,"column":6},"end":{"line":261,"column":27}},"150":{"start":{"line":261,"column":20},"end":{"line":261,"column":27}},"151":{"start":{"line":262,"column":6},"end":{"line":262,"column":30}},"152":{"start":{"line":265,"column":4},"end":{"line":268,"column":7}},"153":{"start":{"line":266,"column":6},"end":{"line":267,"column":56}},"154":{"start":{"line":267,"column":8},"end":{"line":267,"column":56}},"155":{"start":{"line":270,"column":4},"end":{"line":273,"column":7}},"156":{"start":{"line":271,"column":6},"end":{"line":271,"column":51}},"157":{"start":{"line":272,"column":6},"end":{"line":272,"column":32}},"158":{"start":{"line":278,"column":18},"end":{"line":305,"column":4}},"159":{"start":{"line":279,"column":4},"end":{"line":304,"column":5}},"160":{"start":{"line":280,"column":18},"end":{"line":280,"column":27}},"161":{"start":{"line":281,"column":21},"end":{"line":281,"column":43}},"162":{"start":{"line":283,"column":6},"end":{"line":301,"column":9}},"163":{"start":{"line":284,"column":19},"end":{"line":288,"column":10}},"164":{"start":{"line":290,"column":21},"end":{"line":297,"column":9}},"165":{"start":{"line":291,"column":10},"end":{"line":291,"column":21}},"166":{"start":{"line":292,"column":10},"end":{"line":294,"column":13}},"167":{"start":{"line":293,"column":12},"end":{"line":293,"column":24}},"168":{"start":{"line":295,"column":10},"end":{"line":295,"column":37}},"169":{"start":{"line":296,"column":10},"end":{"line":296,"column":15}},"170":{"start":{"line":299,"column":8},"end":{"line":299,"column":23}},"171":{"start":{"line":300,"column":8},"end":{"line":300,"column":26}},"172":{"start":{"line":303,"column":6},"end":{"line":303,"column":63}},"173":{"start":{"line":306,"column":2},"end":{"line":306,"column":17}}},"fnMap":{"0":{"name":"(anonymous_0)","decl":{"start":{"line":18,"column":16},"end":{"line":18,"column":17}},"loc":{"start":{"line":18,"column":45},"end":{"line":39,"column":1}},"line":18},"1":{"name":"(anonymous_1)","decl":{"start":{"line":21,"column":10},"end":{"line":21,"column":11}},"loc":{"start":{"line":21,"column":30},"end":{"line":24,"column":3}},"line":21},"2":{"name":"(anonymous_2)","decl":{"start":{"line":29,"column":26},"end":{"line":29,"column":27}},"loc":{"start":{"line":29,"column":40},"end":{"line":32,"column":3}},"line":29},"3":{"name":"(anonymous_3)","decl":{"start":{"line":34,"column":22},"end":{"line":34,"column":23}},"loc":{"start":{"line":34,"column":28},"end":{"line":37,"column":3}},"line":34},"4":{"name":"(anonymous_4)","decl":{"start":{"line":41,"column":19},"end":{"line":41,"column":20}},"loc":{"start":{"line":41,"column":27},"end":{"line":275,"column":1}},"line":41},"5":{"name":"(anonymous_5)","decl":{"start":{"line":45,"column":20},"end":{"line":45,"column":21}},"loc":{"start":{"line":45,"column":41},"end":{"line":50,"column":3}},"line":45},"6":{"name":"(anonymous_6)","decl":{"start":{"line":52,"column":21},"end":{"line":52,"column":22}},"loc":{"start":{"line":52,"column":42},"end":{"line":75,"column":3}},"line":52},"7":{"name":"(anonymous_7)","decl":{"start":{"line":62,"column":38},"end":{"line":62,"column":39}},"loc":{"start":{"line":62,"column":44},"end":{"line":73,"column":7}},"line":62},"8":{"name":"(anonymous_8)","decl":{"start":{"line":77,"column":22},"end":{"line":77,"column":23}},"loc":{"start":{"line":77,"column":42},"end":{"line":82,"column":3}},"line":77},"9":{"name":"(anonymous_9)","decl":{"start":{"line":84,"column":21},"end":{"line":84,"column":22}},"loc":{"start":{"line":84,"column":57},"end":{"line":104,"column":3}},"line":84},"10":{"name":"(anonymous_10)","decl":{"start":{"line":106,"column":19},"end":{"line":106,"column":20}},"loc":{"start":{"line":106,"column":32},"end":{"line":121,"column":3}},"line":106},"11":{"name":"(anonymous_11)","decl":{"start":{"line":123,"column":22},"end":{"line":123,"column":23}},"loc":{"start":{"line":123,"column":34},"end":{"line":274,"column":3}},"line":123},"12":{"name":"(anonymous_12)","decl":{"start":{"line":129,"column":24},"end":{"line":129,"column":25}},"loc":{"start":{"line":129,"column":52},"end":{"line":131,"column":5}},"line":129},"13":{"name":"(anonymous_13)","decl":{"start":{"line":133,"column":26},"end":{"line":133,"column":27}},"loc":{"start":{"line":133,"column":40},"end":{"line":140,"column":5}},"line":133},"14":{"name":"(anonymous_14)","decl":{"start":{"line":142,"column":27},"end":{"line":142,"column":28}},"loc":{"start":{"line":142,"column":50},"end":{"line":151,"column":5}},"line":142},"15":{"name":"(anonymous_15)","decl":{"start":{"line":153,"column":28},"end":{"line":153,"column":29}},"loc":{"start":{"line":153,"column":41},"end":{"line":160,"column":5}},"line":153},"16":{"name":"(anonymous_16)","decl":{"start":{"line":162,"column":27},"end":{"line":162,"column":28}},"loc":{"start":{"line":162,"column":41},"end":{"line":169,"column":5}},"line":162},"17":{"name":"(anonymous_17)","decl":{"start":{"line":165,"column":10},"end":{"line":165,"column":11}},"loc":{"start":{"line":165,"column":22},"end":{"line":165,"column":65}},"line":165},"18":{"name":"(anonymous_18)","decl":{"start":{"line":171,"column":28},"end":{"line":171,"column":29}},"loc":{"start":{"line":171,"column":51},"end":{"line":183,"column":5}},"line":171},"19":{"name":"(anonymous_19)","decl":{"start":{"line":185,"column":26},"end":{"line":185,"column":27}},"loc":{"start":{"line":185,"column":49},"end":{"line":191,"column":5}},"line":185},"20":{"name":"(anonymous_20)","decl":{"start":{"line":193,"column":27},"end":{"line":193,"column":28}},"loc":{"start":{"line":193,"column":41},"end":{"line":208,"column":5}},"line":193},"21":{"name":"(anonymous_21)","decl":{"start":{"line":210,"column":30},"end":{"line":210,"column":31}},"loc":{"start":{"line":210,"column":57},"end":{"line":222,"column":5}},"line":210},"22":{"name":"(anonymous_22)","decl":{"start":{"line":224,"column":27},"end":{"line":224,"column":28}},"loc":{"start":{"line":224,"column":40},"end":{"line":232,"column":5}},"line":224},"23":{"name":"(anonymous_23)","decl":{"start":{"line":234,"column":32},"end":{"line":234,"column":33}},"loc":{"start":{"line":234,"column":50},"end":{"line":257,"column":5}},"line":234},"24":{"name":"(anonymous_24)","decl":{"start":{"line":259,"column":28},"end":{"line":259,"column":29}},"loc":{"start":{"line":259,"column":34},"end":{"line":263,"column":5}},"line":259},"25":{"name":"(anonymous_25)","decl":{"start":{"line":265,"column":31},"end":{"line":265,"column":32}},"loc":{"start":{"line":265,"column":37},"end":{"line":268,"column":5}},"line":265},"26":{"name":"(anonymous_26)","decl":{"start":{"line":270,"column":28},"end":{"line":270,"column":29}},"loc":{"start":{"line":270,"column":34},"end":{"line":273,"column":5}},"line":270},"27":{"name":"create","decl":{"start":{"line":277,"column":16},"end":{"line":277,"column":22}},"loc":{"start":{"line":277,"column":31},"end":{"line":307,"column":1}},"line":277},"28":{"name":"(anonymous_28)","decl":{"start":{"line":278,"column":30},"end":{"line":278,"column":31}},"loc":{"start":{"line":278,"column":51},"end":{"line":305,"column":3}},"line":278},"29":{"name":"(anonymous_29)","decl":{"start":{"line":283,"column":35},"end":{"line":283,"column":36}},"loc":{"start":{"line":283,"column":41},"end":{"line":301,"column":7}},"line":283},"30":{"name":"(anonymous_30)","decl":{"start":{"line":290,"column":21},"end":{"line":290,"column":22}},"loc":{"start":{"line":290,"column":29},"end":{"line":297,"column":9}},"line":290},"31":{"name":"(anonymous_31)","decl":{"start":{"line":292,"column":20},"end":{"line":292,"column":21}},"loc":{"start":{"line":292,"column":26},"end":{"line":294,"column":11}},"line":292}},"branchMap":{"0":{"loc":{"start":{"line":53,"column":4},"end":{"line":53,"column":51}},"type":"if","locations":[{"start":{"line":53,"column":4},"end":{"line":53,"column":51}},{"start":{},"end":{}}],"line":53},"1":{"loc":{"start":{"line":53,"column":8},"end":{"line":53,"column":42}},"type":"binary-expr","locations":[{"start":{"line":53,"column":8},"end":{"line":53,"column":19}},{"start":{"line":53,"column":23},"end":{"line":53,"column":42}}],"line":53},"2":{"loc":{"start":{"line":61,"column":4},"end":{"line":74,"column":5}},"type":"if","locations":[{"start":{"line":61,"column":4},"end":{"line":74,"column":5}},{"start":{},"end":{}}],"line":61},"3":{"loc":{"start":{"line":64,"column":8},"end":{"line":69,"column":9}},"type":"if","locations":[{"start":{"line":64,"column":8},"end":{"line":69,"column":9}},{"start":{},"end":{}}],"line":64},"4":{"loc":{"start":{"line":64,"column":12},"end":{"line":64,"column":57}},"type":"binary-expr","locations":[{"start":{"line":64,"column":12},"end":{"line":64,"column":23}},{"start":{"line":64,"column":27},"end":{"line":64,"column":57}}],"line":64},"5":{"loc":{"start":{"line":72,"column":8},"end":{"line":72,"column":58}},"type":"if","locations":[{"start":{"line":72,"column":8},"end":{"line":72,"column":58}},{"start":{},"end":{}}],"line":72},"6":{"loc":{"start":{"line":86,"column":4},"end":{"line":103,"column":5}},"type":"if","locations":[{"start":{"line":86,"column":4},"end":{"line":103,"column":5}},{"start":{},"end":{}}],"line":86},"7":{"loc":{"start":{"line":88,"column":6},"end":{"line":90,"column":7}},"type":"if","locations":[{"start":{"line":88,"column":6},"end":{"line":90,"column":7}},{"start":{},"end":{}}],"line":88},"8":{"loc":{"start":{"line":107,"column":4},"end":{"line":120,"column":5}},"type":"if","locations":[{"start":{"line":107,"column":4},"end":{"line":120,"column":5}},{"start":{},"end":{}}],"line":107},"9":{"loc":{"start":{"line":110,"column":6},"end":{"line":119,"column":7}},"type":"if","locations":[{"start":{"line":110,"column":6},"end":{"line":119,"column":7}},{"start":{},"end":{}}],"line":110},"10":{"loc":{"start":{"line":111,"column":8},"end":{"line":115,"column":9}},"type":"if","locations":[{"start":{"line":111,"column":8},"end":{"line":115,"column":9}},{"start":{},"end":{}}],"line":111},"11":{"loc":{"start":{"line":144,"column":6},"end":{"line":147,"column":7}},"type":"if","locations":[{"start":{"line":144,"column":6},"end":{"line":147,"column":7}},{"start":{},"end":{}}],"line":144},"12":{"loc":{"start":{"line":144,"column":10},"end":{"line":144,"column":77}},"type":"binary-expr","locations":[{"start":{"line":144,"column":10},"end":{"line":144,"column":29}},{"start":{"line":144,"column":33},"end":{"line":144,"column":77}}],"line":144},"13":{"loc":{"start":{"line":155,"column":6},"end":{"line":159,"column":7}},"type":"if","locations":[{"start":{"line":155,"column":6},"end":{"line":159,"column":7}},{"start":{},"end":{}}],"line":155},"14":{"loc":{"start":{"line":155,"column":10},"end":{"line":155,"column":44}},"type":"binary-expr","locations":[{"start":{"line":155,"column":10},"end":{"line":155,"column":22}},{"start":{"line":155,"column":26},"end":{"line":155,"column":44}}],"line":155},"15":{"loc":{"start":{"line":173,"column":6},"end":{"line":182,"column":7}},"type":"if","locations":[{"start":{"line":173,"column":6},"end":{"line":182,"column":7}},{"start":{"line":180,"column":13},"end":{"line":182,"column":7}}],"line":173},"16":{"loc":{"start":{"line":173,"column":10},"end":{"line":173,"column":54}},"type":"binary-expr","locations":[{"start":{"line":173,"column":10},"end":{"line":173,"column":34}},{"start":{"line":173,"column":38},"end":{"line":173,"column":54}}],"line":173},"17":{"loc":{"start":{"line":187,"column":6},"end":{"line":190,"column":7}},"type":"if","locations":[{"start":{"line":187,"column":6},"end":{"line":190,"column":7}},{"start":{},"end":{}}],"line":187},"18":{"loc":{"start":{"line":194,"column":6},"end":{"line":197,"column":7}},"type":"if","locations":[{"start":{"line":194,"column":6},"end":{"line":197,"column":7}},{"start":{},"end":{}}],"line":194},"19":{"loc":{"start":{"line":199,"column":6},"end":{"line":202,"column":7}},"type":"if","locations":[{"start":{"line":199,"column":6},"end":{"line":202,"column":7}},{"start":{},"end":{}}],"line":199},"20":{"loc":{"start":{"line":199,"column":10},"end":{"line":199,"column":44}},"type":"binary-expr","locations":[{"start":{"line":199,"column":10},"end":{"line":199,"column":21}},{"start":{"line":199,"column":25},"end":{"line":199,"column":44}}],"line":199},"21":{"loc":{"start":{"line":204,"column":6},"end":{"line":206,"column":7}},"type":"if","locations":[{"start":{"line":204,"column":6},"end":{"line":206,"column":7}},{"start":{},"end":{}}],"line":204},"22":{"loc":{"start":{"line":213,"column":6},"end":{"line":213,"column":24}},"type":"if","locations":[{"start":{"line":213,"column":6},"end":{"line":213,"column":24}},{"start":{},"end":{}}],"line":213},"23":{"loc":{"start":{"line":226,"column":6},"end":{"line":226,"column":24}},"type":"if","locations":[{"start":{"line":226,"column":6},"end":{"line":226,"column":24}},{"start":{},"end":{}}],"line":226},"24":{"loc":{"start":{"line":249,"column":6},"end":{"line":256,"column":7}},"type":"if","locations":[{"start":{"line":249,"column":6},"end":{"line":256,"column":7}},{"start":{},"end":{}}],"line":249},"25":{"loc":{"start":{"line":261,"column":6},"end":{"line":261,"column":27}},"type":"if","locations":[{"start":{"line":261,"column":6},"end":{"line":261,"column":27}},{"start":{},"end":{}}],"line":261},"26":{"loc":{"start":{"line":266,"column":6},"end":{"line":267,"column":56}},"type":"if","locations":[{"start":{"line":266,"column":6},"end":{"line":267,"column":56}},{"start":{},"end":{}}],"line":266}},"s":{"0":1,"1":1,"2":1,"3":1,"4":0,"5":0,"6":0,"7":0,"8":0,"9":0,"10":0,"11":0,"12":0,"13":0,"14":0,"15":0,"16":1,"17":0,"18":0,"19":0,"20":0,"21":0,"22":0,"23":0,"24":0,"25":0,"26":0,"27":0,"28":0,"29":0,"30":0,"31":0,"32":0,"33":0,"34":0,"35":0,"36":0,"37":0,"38":0,"39":0,"40":0,"41":0,"42":0,"43":0,"44":0,"45":0,"46":0,"47":0,"48":0,"49":0,"50":0,"51":0,"52":0,"53":0,"54":0,"55":0,"56":0,"57":0,"58":0,"59":0,"60":0,"61":0,"62":0,"63":0,"64":0,"65":0,"66":0,"67":0,"68":0,"69":0,"70":0,"71":0,"72":0,"73":0,"74":0,"75":0,"76":0,"77":0,"78":0,"79":0,"80":0,"81":0,"82":0,"83":0,"84":0,"85":0,"86":0,"87":0,"88":0,"89":0,"90":0,"91":0,"92":0,"93":0,"94":0,"95":0,"96":0,"97":0,"98":0,"99":0,"100":0,"101":0,"102":0,"103":0,"104":0,"105":0,"106":0,"107":0,"108":0,"109":0,"110":0,"111":0,"112":0,"113":0,"114":0,"115":0,"116":0,"117":0,"118":0,"119":0,"120":0,"121":0,"122":0,"123":0,"124":0,"125":0,"126":0,"127":0,"128":0,"129":0,"130":0,"131":0,"132":0,"133":0,"134":0,"135":0,"136":0,"137":0,"138":0,"139":0,"140":0,"141":0,"142":0,"143":0,"144":0,"145":0,"146":0,"147":0,"148":0,"149":0,"150":0,"151":0,"152":0,"153":0,"154":0,"155":0,"156":0,"157":0,"158":0,"159":0,"160":0,"161":0,"162":0,"163":0,"164":0,"165":0,"166":0,"167":0,"168":0,"169":0,"170":0,"171":0,"172":0,"173":0},"f":{"0":0,"1":0,"2":0,"3":0,"4":0,"5":0,"6":0,"7":0,"8":0,"9":0,"10":0,"11":0,"12":0,"13":0,"14":0,"15":0,"16":0,"17":0,"18":0,"19":0,"20":0,"21":0,"22":0,"23":0,"24":0,"25":0,"26":0,"27":0,"28":0,"29":0,"30":0,"31":0},"b":{"0":[0,0],"1":[0,0],"2":[0,0],"3":[0,0],"4":[0,0],"5":[0,0],"6":[0,0],"7":[0,0],"8":[0,0],"9":[0,0],"10":[0,0],"11":[0,0],"12":[0,0],"13":[0,0],"14":[0,0],"15":[0,0],"16":[0,0],"17":[0,0],"18":[0,0],"19":[0,0],"20":[0,0],"21":[0,0],"22":[0,0],"23":[0,0],"24":[0,0],"25":[0,0],"26":[0,0]},"_coverageSchema":"1a1c01bbd47fc00a2c39e90264f33305004495a9","hash":"bd1de3d6e3ab68e261617c38c1e7074269f5ccf8"}
}
